**********************
PowerShell transcript start
Start time: 20260320101913
Username: MSILAPTOP\marco
RunAs User: MSILAPTOP\marco
Configuration Name: 
Machine: MSILAPTOP (Microsoft Windows NT 10.0.26200.0)
Host Application: C:\Program Files\PowerShell\7\pwsh.dll -noexit -command try { . "c:\Users\marco\AppData\Local\Programs\Microsoft VS Code\ce099c1ed2\resources\app\out\vs\workbench\contrib\terminal\common\scripts\shellIntegration.ps1" } catch {}
Process ID: 33660
PSVersion: 7.5.4
PSEdition: Core
GitCommitId: 7.5.4
OS: Microsoft Windows 10.0.26200
Platform: Win32NT
PSCompatibleVersions: 1.0, 2.0, 3.0, 4.0, 5.0, 5.1, 6.0, 7.0
PSRemotingProtocolVersion: 2.3
SerializationVersion: 1.1.0.1
WSManStackVersion: 3.0
**********************
Log: C:\eva-foundry\38-ado-poc\scripts\logs\20260320-1019-ado-import-37-data-model-dryrun.log

=== ADO Import: EVA Data Model V1 — Thread Graph Authority ===
Project maturity : active
GitHub repo      : eva-foundry/37-data-model
Dry run          : True

Ensuring sprints...
  Sprint: Sprint-Backlog
  [DRY-RUN] Would ensure sprint: Sprint-Backlog
  [DRY-RUN] Would find-or-create Epic: EVA Data Model V1 — Thread Graph Authority
Feature: creating 'Thread Graph Catalog'
  [DRY-RUN] Would create Feature : Thread Graph Catalog
  -> Feature id=-1
Feature: creating 'Nested D3PDCA PM Model'
  [DRY-RUN] Would create Feature : Nested D3PDCA PM Model
  -> Feature id=-1
PBI: creating '[DM-THREAD-WI-1] Thread graph catalog — templates, edges, concurrency lanes, activation rules'
  [DRY-RUN] Would create Product Backlog Item : [DM-THREAD-WI-1] Thread graph catalog — templates, edges, concurrency lanes, activation rules
  -> PBI id=-1
PBI: creating '[DM-THREAD-WI-2] WBS and project_work support nested D3PDCA thread packets'
  [DRY-RUN] Would create Product Backlog Item : [DM-THREAD-WI-2] WBS and project_work support nested D3PDCA thread packets
  -> PBI id=-1
PBI: creating '[DM-THREAD-WI-3] Thread graph read models for 33, 38, 39, and 40'
  [DRY-RUN] Would create Product Backlog Item : [DM-THREAD-WI-3] Thread graph read models for 33, 38, 39, and 40
  -> PBI id=-1

=== Import Summary: EVA Data Model V1 — Thread Graph Authority ===
Epic id  : -1
Features : 2
PBIs     : 3
Board    : https://dev.azure.com/marcopresta/eva-poc/_workitems


Tag            Id State Url
---            -- ----- ---
dm-thread-wi-1 -1 New   (dry-run)
dm-thread-wi-2 -1 New   (dry-run)
dm-thread-wi-3 -1 New   (dry-run)

**********************
PowerShell transcript end
End time: 20260320101914
**********************
