**********************
PowerShell transcript start
Start time: 20260221103726
Username: HRDC-DRHC\marco.presta
RunAs User: HRDC-DRHC\marco.presta
Configuration Name: 
Machine: CPC-marco-KKGR0 (Microsoft Windows NT 10.0.22631.0)
Host Application: C:\Program Files\PowerShell\7-preview\pwsh.dll -noexit -command try { . "c:\Users\marco.presta\AppData\Local\Programs\Microsoft VS Code\072586267e\resources\app\out\vs\workbench\contrib\terminal\common\scripts\shellIntegration.ps1" } catch {}
Process ID: 15116
PSVersion: 7.6.0-preview.6
PSEdition: Core
GitCommitId: 7.6.0-preview.6
OS: Microsoft Windows 10.0.22631
Platform: Win32NT
PSCompatibleVersions: 1.0, 2.0, 3.0, 4.0, 5.0, 5.1, 6.0, 7.0
PSRemotingProtocolVersion: 2.4
SerializationVersion: 1.1.0.1
WSManStackVersion: 3.0
**********************
Log: C:\AICOE\eva-foundation\38-ado-poc\scripts\logs\20260221-1037-ado-import-18-azure-best-dryrun.log

=== ADO Import: Azure Best Practices Reference Library ===
Project maturity : active
GitHub repo      : eva-foundry/18-azure-best
Dry run          : True

Ensuring sprints...
  Sprint: Sprint-Backlog
  [DRY-RUN] Would ensure sprint: Sprint-Backlog
  [DRY-RUN] Would find-or-create Epic: Azure Best Practices Reference Library
Feature: creating 'Infrastructure Reference Modules (01-06)'
  [DRY-RUN] Would create Feature : Infrastructure Reference Modules (01-06)
  -> Feature id=-1
Feature: creating 'Platform Engineering Modules (07-10)'
  [DRY-RUN] Would create Feature : Platform Engineering Modules (07-10)
  -> Feature id=-1
Feature: creating 'Consumption & Sourcing Protocol for EVA Projects'
  [DRY-RUN] Would create Feature : Consumption & Sourcing Protocol for EVA Projects
  -> Feature id=-1
PBI: creating '[AB-WI-0] Infrastructure reference modules complete — 01 through 06 verified'
  [DRY-RUN] Would create Product Backlog Item : [AB-WI-0] Infrastructure reference modules complete — 01 through 06 verified
  -> PBI id=-1
PBI: creating '[AB-WI-1] Platform engineering modules complete — 07 through 10 + APIM DevOps verified'
  [DRY-RUN] Would create Product Backlog Item : [AB-WI-1] Platform engineering modules complete — 07 through 10 + APIM DevOps verified
  -> PBI id=-1
PBI: creating '[AB-WI-2] Sourcing protocol — all EVA projects reference 18-azure-best in their DEPENDENCIES.md'
  [DRY-RUN] Would create Product Backlog Item : [AB-WI-2] Sourcing protocol — all EVA projects reference 18-azure-best in their DEPENDENCIES.md
  -> PBI id=-1

=== Import Summary: Azure Best Practices Reference Library ===
Epic id  : -1
Features : 3
PBIs     : 3
Board    : https://dev.azure.com/marcopresta/eva-poc/_workitems

**********************
PowerShell transcript end
End time: 20260221103726
**********************
**********************
PowerShell transcript start
Start time: 20260221103732
Username: HRDC-DRHC\marco.presta
RunAs User: HRDC-DRHC\marco.presta
Configuration Name: 
Machine: CPC-marco-KKGR0 (Microsoft Windows NT 10.0.22631.0)
Host Application: C:\Program Files\PowerShell\7-preview\pwsh.dll -noexit -command try { . "c:\Users\marco.presta\AppData\Local\Programs\Microsoft VS Code\072586267e\resources\app\out\vs\workbench\contrib\terminal\common\scripts\shellIntegration.ps1" } catch {}
Process ID: 15116
PSVersion: 7.6.0-preview.6
PSEdition: Core
GitCommitId: 7.6.0-preview.6
OS: Microsoft Windows 10.0.22631
Platform: Win32NT
PSCompatibleVersions: 1.0, 2.0, 3.0, 4.0, 5.0, 5.1, 6.0, 7.0
PSRemotingProtocolVersion: 2.4
SerializationVersion: 1.1.0.1
WSManStackVersion: 3.0
**********************
Log: C:\AICOE\eva-foundation\38-ado-poc\scripts\logs\20260221-1037-ado-import-18-azure-best-dryrun.log

=== ADO Import: Azure Best Practices Reference Library ===
Project maturity : active
GitHub repo      : eva-foundry/18-azure-best
Dry run          : True

Ensuring sprints...
  Sprint: Sprint-Backlog
  [DRY-RUN] Would ensure sprint: Sprint-Backlog
  [DRY-RUN] Would find-or-create Epic: Azure Best Practices Reference Library
Feature: creating 'Infrastructure Reference Modules (01-06)'
  [DRY-RUN] Would create Feature : Infrastructure Reference Modules (01-06)
  -> Feature id=-1
Feature: creating 'Platform Engineering Modules (07-10)'
  [DRY-RUN] Would create Feature : Platform Engineering Modules (07-10)
  -> Feature id=-1
Feature: creating 'Consumption & Sourcing Protocol for EVA Projects'
  [DRY-RUN] Would create Feature : Consumption & Sourcing Protocol for EVA Projects
  -> Feature id=-1
PBI: creating '[AB-WI-0] Infrastructure reference modules complete — 01 through 06 verified'
  [DRY-RUN] Would create Product Backlog Item : [AB-WI-0] Infrastructure reference modules complete — 01 through 06 verified
  -> PBI id=-1
PBI: creating '[AB-WI-1] Platform engineering modules complete — 07 through 10 + APIM DevOps verified'
  [DRY-RUN] Would create Product Backlog Item : [AB-WI-1] Platform engineering modules complete — 07 through 10 + APIM DevOps verified
  -> PBI id=-1
PBI: creating '[AB-WI-2] Sourcing protocol — all EVA projects reference 18-azure-best in their DEPENDENCIES.md'
  [DRY-RUN] Would create Product Backlog Item : [AB-WI-2] Sourcing protocol — all EVA projects reference 18-azure-best in their DEPENDENCIES.md
  -> PBI id=-1

=== Import Summary: Azure Best Practices Reference Library ===
Epic id  : -1
Features : 3
PBIs     : 3
Board    : https://dev.azure.com/marcopresta/eva-poc/_workitems

**********************
PowerShell transcript end
End time: 20260221103732
**********************
