**********************
PowerShell transcript start
Start time: 20260320102055
Username: MSILAPTOP\marco
RunAs User: MSILAPTOP\marco
Configuration Name: 
Machine: MSILAPTOP (Microsoft Windows NT 10.0.26200.0)
Host Application: C:\Program Files\PowerShell\7\pwsh.dll -noexit -command try { . "c:\Users\marco\AppData\Local\Programs\Microsoft VS Code\ce099c1ed2\resources\app\out\vs\workbench\contrib\terminal\common\scripts\shellIntegration.ps1" } catch {}
Process ID: 33660
PSVersion: 7.5.4
PSEdition: Core
GitCommitId: 7.5.4
OS: Microsoft Windows 10.0.26200
Platform: Win32NT
PSCompatibleVersions: 1.0, 2.0, 3.0, 4.0, 5.0, 5.1, 6.0, 7.0
PSRemotingProtocolVersion: 2.3
SerializationVersion: 1.1.0.1
WSManStackVersion: 3.0
**********************
Log: C:\eva-foundry\38-ado-poc\scripts\logs\20260320-1020-ado-import-19-ai-gov-live.log

=== ADO Import: AI Governance Automation ===
Project maturity : poc
GitHub repo      : eva-foundry/19-ai-gov
Dry run          : False

Ensuring sprints...
  Sprint: Sprint-Backlog
PS>TerminatingError(Invoke-RestMethod): "
{
  "$id": "1",
  "innerException": null,
  "message": "VS402371: Classification node name Sprint-Backlog is already in use by a different child of parent classification node 0c02019e-b01b-4461-8d1f-b07bc9d478f4. Choose a different name and try again.",
  "typeName": "Microsoft.TeamFoundation.WorkItemTracking.Server.Metadata.ClassificationNodeDuplicateNameException, Microsoft.TeamFoundation.WorkItemTracking.Server",
  "typeKey": "ClassificationNodeDuplicateNameException",
  "errorCode": 0,
  "eventId": 3200
}"
>> TerminatingError(): "ADO Post https://dev.azure.com/marcopresta/eva-poc/_apis/wit/classificationnodes/iterations?api-version=7.1 => HTTP 409 : 
{
  "$id": "1",
  "innerException": null,
  "message": "VS402371: Classification node name Sprint-Backlog is already in use by a different child of parent classification node 0c02019e-b01b-4461-8d1f-b07bc9d478f4. Choose a different name and try again.",
  "typeName": "Microsoft.TeamFoundation.WorkItemTracking.Server.Metadata.ClassificationNodeDuplicateNameException, Microsoft.TeamFoundation.WorkItemTracking.Server",
  "typeKey": "ClassificationNodeDuplicateNameException",
  "errorCode": 0,
  "eventId": 3200
}"
  Sprint 'Sprint-Backlog' assigned to team.
Epic: existing id=20 — 'AI Governance Automation'
Feature: existing id=50 — 'Governance Automation Schemas'
Feature: existing id=51 — 'Policy-as-Code CI Gate'
Feature: creating 'Governed Thread Orchestration'
  -> Feature id=3225
PBI: existing id=52 — '[GOV-WI-0] Governance schemas authored — AI incident, ATO evidence, ITSG-33 controls, model card'
  id=52 already Done — skipping state transitions
PBI: existing id=104 — '[GOV-WI-1] Policy-as-code CI gate — red-teaming evidence fed into ATO schema'
PBI: creating '[GOV-WI-2] Governance gate model for thread activation, blocking, retry, and closure'
  -> PBI id=3226
PBI: creating '[GOV-WI-3] Decision and exception payloads for threaded control-plane transitions'
  -> PBI id=3227
PBI: creating '[GOV-WI-4] Governance evidence extension for threaded runs and lane health'
  -> PBI id=3228

=== Import Summary: AI Governance Automation ===
Epic id  : 20
Features : 3
PBIs     : 5
Board    : https://dev.azure.com/marcopresta/eva-poc/_workitems


Tag        Id State Url
---        -- ----- ---
gov-wi-0   52 Done  https://dev.azure.com/marcopresta/eva-poc/_workitems/edit/…
gov-wi-1  104 New   https://dev.azure.com/marcopresta/eva-poc/_workitems/edit/…
gov-wi-2 3226 New   https://dev.azure.com/marcopresta/eva-poc/_workitems/edit/…
gov-wi-3 3227 New   https://dev.azure.com/marcopresta/eva-poc/_workitems/edit/…
gov-wi-4 3228 New   https://dev.azure.com/marcopresta/eva-poc/_workitems/edit/…

**********************
PowerShell transcript end
End time: 20260320102058
**********************
