**********************
PowerShell transcript start
Start time: 20260221210648
Username: HRDC-DRHC\marco.presta
RunAs User: HRDC-DRHC\marco.presta
Configuration Name: 
Machine: CPC-marco-KKGR0 (Microsoft Windows NT 10.0.22631.0)
Host Application: C:\Program Files\PowerShell\7-preview\pwsh.dll -noexit -command try { . "c:\Users\marco.presta\AppData\Local\Programs\Microsoft VS Code\072586267e\resources\app\out\vs\workbench\contrib\terminal\common\scripts\shellIntegration.ps1" } catch {}
Process ID: 17376
PSVersion: 7.6.0-preview.6
PSEdition: Core
GitCommitId: 7.6.0-preview.6
OS: Microsoft Windows 10.0.22631
Platform: Win32NT
PSCompatibleVersions: 1.0, 2.0, 3.0, 4.0, 5.0, 5.1, 6.0, 7.0
PSRemotingProtocolVersion: 2.4
SerializationVersion: 1.1.0.1
WSManStackVersion: 3.0
**********************
Log: C:\eva-foundry\eva-foundation\38-ado-poc\scripts\logs\20260221-2106-ado-import-40-eva-control-plane-live.log

=== ADO Import: EVA Automation Control Plane ===
Project maturity : active
GitHub repo      : eva-foundry/40-eva-control-plane
Dry run          : False

Epic: existing id=142 — 'EVA Automation Control Plane'
Feature: existing id=143 — 'Runtime API — FastAPI (port 8020)'
Feature: existing id=144 — 'Two-Plane Evidence Spine'
Feature: existing id=145 — 'GitHub Actions Runbooks (RB-001, RB-002)'
Feature: existing id=146 — 'Control-Plane Data Models and Seeds'
PBI: creating 'FastAPI Runtime API — 8 routes, Swagger at /docs'
  -> PBI id=147
PBI: creating 'Evidence Spine — evidence_id propagation across planes'
  -> PBI id=148
PBI: creating 'RB-001 — PR CI Evidence Workflow (GitHub Actions)'
  -> PBI id=149
PBI: creating 'RB-002 — Promote to DEV Workflow (stub)'
  -> PBI id=150
PBI: creating 'Pydantic v2 Models — Run, StepRun, Artifact'
  -> PBI id=151
PBI: creating 'pack-evidence.py — Evidence Pack Assembler'
  -> PBI id=152

=== Import Summary: EVA Automation Control Plane ===
Epic id  : 142
Features : 4
PBIs     : 6
Board    : https://dev.azure.com/marcopresta/eva-poc/_workitems

**********************
PowerShell transcript end
End time: 20260221210650
**********************
