**********************
PowerShell transcript start
Start time: 20260320103151
Username: MSILAPTOP\marco
RunAs User: MSILAPTOP\marco
Configuration Name: 
Machine: MSILAPTOP (Microsoft Windows NT 10.0.26200.0)
Host Application: C:\Program Files\PowerShell\7\pwsh.dll -noexit -command try { . "c:\Users\marco\AppData\Local\Programs\Microsoft VS Code\ce099c1ed2\resources\app\out\vs\workbench\contrib\terminal\common\scripts\shellIntegration.ps1" } catch {}
Process ID: 33660
PSVersion: 7.5.4
PSEdition: Core
GitCommitId: 7.5.4
OS: Microsoft Windows 10.0.26200
Platform: Win32NT
PSCompatibleVersions: 1.0, 2.0, 3.0, 4.0, 5.0, 5.1, 6.0, 7.0
PSRemotingProtocolVersion: 2.3
SerializationVersion: 1.1.0.1
WSManStackVersion: 3.0
**********************
Log: C:\eva-foundry\38-ado-poc\scripts\logs\20260320-1031-ado-import-38-ado-poc-live.log

=== ADO Import: ADO Command Center ===
Project maturity : active
GitHub repo      : eva-foundry/38-ado-poc
Dry run          : False

Ensuring sprints...
  Sprint: Sprint-6
PS>TerminatingError(Invoke-RestMethod): "
{
  "$id": "1",
  "innerException": null,
  "message": "VS402371: Classification node name Sprint-6 is already in use by a different child of parent classification node 0c02019e-b01b-4461-8d1f-b07bc9d478f4. Choose a different name and try again.",
  "typeName": "Microsoft.TeamFoundation.WorkItemTracking.Server.Metadata.ClassificationNodeDuplicateNameException, Microsoft.TeamFoundation.WorkItemTracking.Server",
  "typeKey": "ClassificationNodeDuplicateNameException",
  "errorCode": 0,
  "eventId": 3200
}"
>> TerminatingError(): "ADO Post https://dev.azure.com/marcopresta/eva-poc/_apis/wit/classificationnodes/iterations?api-version=7.1 => HTTP 409 : 
{
  "$id": "1",
  "innerException": null,
  "message": "VS402371: Classification node name Sprint-6 is already in use by a different child of parent classification node 0c02019e-b01b-4461-8d1f-b07bc9d478f4. Choose a different name and try again.",
  "typeName": "Microsoft.TeamFoundation.WorkItemTracking.Server.Metadata.ClassificationNodeDuplicateNameException, Microsoft.TeamFoundation.WorkItemTracking.Server",
  "typeKey": "ClassificationNodeDuplicateNameException",
  "errorCode": 0,
  "eventId": 3200
}"
  Sprint 'Sprint-6' assigned to team.
  Sprint: Sprint-Backlog
PS>TerminatingError(Invoke-RestMethod): "
{
  "$id": "1",
  "innerException": null,
  "message": "VS402371: Classification node name Sprint-Backlog is already in use by a different child of parent classification node 0c02019e-b01b-4461-8d1f-b07bc9d478f4. Choose a different name and try again.",
  "typeName": "Microsoft.TeamFoundation.WorkItemTracking.Server.Metadata.ClassificationNodeDuplicateNameException, Microsoft.TeamFoundation.WorkItemTracking.Server",
  "typeKey": "ClassificationNodeDuplicateNameException",
  "errorCode": 0,
  "eventId": 3200
}"
>> TerminatingError(): "ADO Post https://dev.azure.com/marcopresta/eva-poc/_apis/wit/classificationnodes/iterations?api-version=7.1 => HTTP 409 : 
{
  "$id": "1",
  "innerException": null,
  "message": "VS402371: Classification node name Sprint-Backlog is already in use by a different child of parent classification node 0c02019e-b01b-4461-8d1f-b07bc9d478f4. Choose a different name and try again.",
  "typeName": "Microsoft.TeamFoundation.WorkItemTracking.Server.Metadata.ClassificationNodeDuplicateNameException, Microsoft.TeamFoundation.WorkItemTracking.Server",
  "typeKey": "ClassificationNodeDuplicateNameException",
  "errorCode": 0,
  "eventId": 3200
}"
  Sprint 'Sprint-Backlog' assigned to team.
Epic: existing id=31 — 'ADO Command Center'
Feature: existing id=89 — 'ADO Infrastructure & Scripts'
Feature: existing id=90 — 'GitHub-ADO Async Bridge'
Feature: existing id=91 — 'Project Onboarding Workflow'
Feature: existing id=92 — 'ADO Idea Intake Pipeline'
Feature: existing id=3213 — 'Dependency-Aware Thread Dispatch'
PBI: existing id=93 — '[ADO-WI-0] ADO project eva-poc scaffolded — Epic, Features, Sprints, Scripts'
  id=93 already Done — skipping state transitions
PBI: existing id=118 — '[ADO-WI-1] GitHub org eva-foundry connected to ADO eva-poc via GitHub App'
  id=118 already Done — skipping state transitions
PBI: existing id=119 — '[ADO-WI-2] All 18 eva-foundation projects onboarded to ADO — ado-artifacts.json + import complete'
PBI: existing id=120 — '[ADO-WI-3] GitHub-ADO async bridge — sprint-execute.yml, watchdog-poll.yml, morning-summary.yml'
PBI: existing id=121 — '[ADO-WI-4] Idea intake pipeline — skill 07, templates, ado-generate-artifacts.ps1, ado-idea-intake.yml'
  id=121 already Done — skipping state transitions
PBI: existing id=122 — '[ADO-WI-5] Three-system wiring — ado-pr-bridge.yml + ado-webhook-bridge Azure Function'
PBI: existing id=3214 — '[ADO-WI-6] Dispatch manifest synthesis — convert backlog and dependencies into executable thread packets'
PBI: existing id=3215 — '[ADO-WI-7] Ready queue and concurrency groups — run dependent and independent lanes systematically'
PBI: existing id=3216 — '[ADO-WI-8] Activation gates and handoff orchestration — open, pause, retry, and hand off thread execution'

=== Import Summary: ADO Command Center ===
Epic id  : 31
Features : 5
PBIs     : 9
Board    : https://dev.azure.com/marcopresta/eva-poc/_workitems


Tag        Id State Url
---        -- ----- ---
ado-wi-0   93 Done  https://dev.azure.com/marcopresta/eva-poc/_workitems/edit/…
ado-wi-1  118 Done  https://dev.azure.com/marcopresta/eva-poc/_workitems/edit/…
ado-wi-2  119 New   https://dev.azure.com/marcopresta/eva-poc/_workitems/edit/…
ado-wi-3  120 New   https://dev.azure.com/marcopresta/eva-poc/_workitems/edit/…
ado-wi-4  121 Done  https://dev.azure.com/marcopresta/eva-poc/_workitems/edit/…
ado-wi-5  122 New   https://dev.azure.com/marcopresta/eva-poc/_workitems/edit/…
ado-wi-6 3214 New   https://dev.azure.com/marcopresta/eva-poc/_workitems/edit/…
ado-wi-7 3215 New   https://dev.azure.com/marcopresta/eva-poc/_workitems/edit/…
ado-wi-8 3216 New   https://dev.azure.com/marcopresta/eva-poc/_workitems/edit/…

**********************
PowerShell transcript end
End time: 20260320103156
**********************
