**********************
PowerShell transcript start
Start time: 20260221103726
Username: HRDC-DRHC\marco.presta
RunAs User: HRDC-DRHC\marco.presta
Configuration Name: 
Machine: CPC-marco-KKGR0 (Microsoft Windows NT 10.0.22631.0)
Host Application: C:\Program Files\PowerShell\7-preview\pwsh.dll -noexit -command try { . "c:\Users\marco.presta\AppData\Local\Programs\Microsoft VS Code\072586267e\resources\app\out\vs\workbench\contrib\terminal\common\scripts\shellIntegration.ps1" } catch {}
Process ID: 15116
PSVersion: 7.6.0-preview.6
PSEdition: Core
GitCommitId: 7.6.0-preview.6
OS: Microsoft Windows 10.0.22631
Platform: Win32NT
PSCompatibleVersions: 1.0, 2.0, 3.0, 4.0, 5.0, 5.1, 6.0, 7.0
PSRemotingProtocolVersion: 2.4
SerializationVersion: 1.1.0.1
WSManStackVersion: 3.0
**********************
Log: C:\eva-foundry\eva-foundation\38-ado-poc\scripts\logs\20260221-1037-ado-import-16-engineered-case-law-dryrun.log

=== ADO Import: Engineered Case Law Pipeline ===
Project maturity : poc
GitHub repo      : eva-foundry/16-engineered-case-law
Dry run          : True

Ensuring sprints...
  Sprint: Sprint-Backlog
  [DRY-RUN] Would ensure sprint: Sprint-Backlog
  [DRY-RUN] Would find-or-create Epic: Engineered Case Law Pipeline
Feature: creating 'Case Law Ingestion & Processing Pipeline'
  [DRY-RUN] Would create Feature : Case Law Ingestion & Processing Pipeline
  -> Feature id=-1
Feature: creating 'Azure AI Search Integration'
  [DRY-RUN] Would create Feature : Azure AI Search Integration
  -> Feature id=-1
PBI: creating '[ECL-WI-0] Pipeline executed — full_run.log, success_run.log, test_run.log evidence'
  [DRY-RUN] Would create Product Backlog Item : [ECL-WI-0] Pipeline executed — full_run.log, success_run.log, test_run.log evidence
  -> PBI id=-1
PBI: creating '[ECL-WI-1] Case law indexed in Azure AI Search — APIM jurisprudence route smoke test'
  [DRY-RUN] Would create Product Backlog Item : [ECL-WI-1] Case law indexed in Azure AI Search — APIM jurisprudence route smoke test
  -> PBI id=-1

=== Import Summary: Engineered Case Law Pipeline ===
Epic id  : -1
Features : 2
PBIs     : 2
Board    : https://dev.azure.com/marcopresta/eva-poc/_workitems

**********************
PowerShell transcript end
End time: 20260221103726
**********************
**********************
PowerShell transcript start
Start time: 20260221103732
Username: HRDC-DRHC\marco.presta
RunAs User: HRDC-DRHC\marco.presta
Configuration Name: 
Machine: CPC-marco-KKGR0 (Microsoft Windows NT 10.0.22631.0)
Host Application: C:\Program Files\PowerShell\7-preview\pwsh.dll -noexit -command try { . "c:\Users\marco.presta\AppData\Local\Programs\Microsoft VS Code\072586267e\resources\app\out\vs\workbench\contrib\terminal\common\scripts\shellIntegration.ps1" } catch {}
Process ID: 15116
PSVersion: 7.6.0-preview.6
PSEdition: Core
GitCommitId: 7.6.0-preview.6
OS: Microsoft Windows 10.0.22631
Platform: Win32NT
PSCompatibleVersions: 1.0, 2.0, 3.0, 4.0, 5.0, 5.1, 6.0, 7.0
PSRemotingProtocolVersion: 2.4
SerializationVersion: 1.1.0.1
WSManStackVersion: 3.0
**********************
Log: C:\eva-foundry\eva-foundation\38-ado-poc\scripts\logs\20260221-1037-ado-import-16-engineered-case-law-dryrun.log

=== ADO Import: Engineered Case Law Pipeline ===
Project maturity : poc
GitHub repo      : eva-foundry/16-engineered-case-law
Dry run          : True

Ensuring sprints...
  Sprint: Sprint-Backlog
  [DRY-RUN] Would ensure sprint: Sprint-Backlog
  [DRY-RUN] Would find-or-create Epic: Engineered Case Law Pipeline
Feature: creating 'Case Law Ingestion & Processing Pipeline'
  [DRY-RUN] Would create Feature : Case Law Ingestion & Processing Pipeline
  -> Feature id=-1
Feature: creating 'Azure AI Search Integration'
  [DRY-RUN] Would create Feature : Azure AI Search Integration
  -> Feature id=-1
PBI: creating '[ECL-WI-0] Pipeline executed — full_run.log, success_run.log, test_run.log evidence'
  [DRY-RUN] Would create Product Backlog Item : [ECL-WI-0] Pipeline executed — full_run.log, success_run.log, test_run.log evidence
  -> PBI id=-1
PBI: creating '[ECL-WI-1] Case law indexed in Azure AI Search — APIM jurisprudence route smoke test'
  [DRY-RUN] Would create Product Backlog Item : [ECL-WI-1] Case law indexed in Azure AI Search — APIM jurisprudence route smoke test
  -> PBI id=-1

=== Import Summary: Engineered Case Law Pipeline ===
Epic id  : -1
Features : 2
PBIs     : 2
Board    : https://dev.azure.com/marcopresta/eva-poc/_workitems

**********************
PowerShell transcript end
End time: 20260221103732
**********************
