**********************
PowerShell transcript start
Start time: 20260221162843
Username: HRDC-DRHC\marco.presta
RunAs User: HRDC-DRHC\marco.presta
Configuration Name: 
Machine: CPC-marco-KKGR0 (Microsoft Windows NT 10.0.22631.0)
Host Application: C:\Program Files\PowerShell\7-preview\pwsh.dll -noexit -command try { . "c:\Users\marco.presta\AppData\Local\Programs\Microsoft VS Code\072586267e\resources\app\out\vs\workbench\contrib\terminal\common\scripts\shellIntegration.ps1" } catch {}
Process ID: 8704
PSVersion: 7.6.0-preview.6
PSEdition: Core
GitCommitId: 7.6.0-preview.6
OS: Microsoft Windows 10.0.22631
Platform: Win32NT
PSCompatibleVersions: 1.0, 2.0, 3.0, 4.0, 5.0, 5.1, 6.0, 7.0
PSRemotingProtocolVersion: 2.4
SerializationVersion: 1.1.0.1
WSManStackVersion: 3.0
**********************
Log: C:\AICOE\eva-foundation\38-ado-poc\scripts\logs\20260221-1628-ado-import-29-foundry-live.log

=== ADO Import: EVA Foundry Hub ===
Project maturity : active
GitHub repo      : eva-foundry/29-foundry
Dry run          : False

Ensuring sprints...
  Sprint: Sprint-Backlog
PS>TerminatingError(Invoke-RestMethod): "
{
  "$id": "1",
  "innerException": null,
  "message": "VS402371: Classification node name Sprint-Backlog is already in use by a different child of parent classification node 0c02019e-b01b-4461-8d1f-b07bc9d478f4. Choose a different name and try again.",
  "typeName": "Microsoft.TeamFoundation.WorkItemTracking.Server.Metadata.ClassificationNodeDuplicateNameException, Microsoft.TeamFoundation.WorkItemTracking.Server",
  "typeKey": "ClassificationNodeDuplicateNameException",
  "errorCode": 0,
  "eventId": 3200
}"
>> TerminatingError(): "ADO Post https://dev.azure.com/marcopresta/eva-poc/_apis/wit/classificationnodes/iterations?api-version=7.1 => HTTP 409 : 
{
  "$id": "1",
  "innerException": null,
  "message": "VS402371: Classification node name Sprint-Backlog is already in use by a different child of parent classification node 0c02019e-b01b-4461-8d1f-b07bc9d478f4. Choose a different name and try again.",
  "typeName": "Microsoft.TeamFoundation.WorkItemTracking.Server.Metadata.ClassificationNodeDuplicateNameException, Microsoft.TeamFoundation.WorkItemTracking.Server",
  "typeKey": "ClassificationNodeDuplicateNameException",
  "errorCode": 0,
  "eventId": 3200
}"
PS>TerminatingError(Invoke-RestMethod): "
{
  "$id": "1",
  "innerException": null,
  "message": "Id",
  "typeName": "Microsoft.TeamFoundation.Work.WebApi.Exceptions.InvalidTeamSettingsIterationException, Microsoft.TeamFoundation.Work.WebApi",
  "typeKey": "InvalidTeamSettingsIterationException",
  "errorCode": 0,
  "eventId": 0
}"
>> TerminatingError(): "ADO Post https://dev.azure.com/marcopresta/eva-poc/eva-poc%20Team/_apis/work/teamsettings/iterations?api-version=7.1 => HTTP 400 : 
{
  "$id": "1",
  "innerException": null,
  "message": "Id",
  "typeName": "Microsoft.TeamFoundation.Work.WebApi.Exceptions.InvalidTeamSettingsIterationException, Microsoft.TeamFoundation.Work.WebApi",
  "typeKey": "InvalidTeamSettingsIterationException",
  "errorCode": 0,
  "eventId": 0
}"
Epic: existing id=23 — 'EVA Foundry Hub'
Feature: existing id=59 — 'Core Technical Skills Library'
Feature: existing id=60 — 'DPDCA Session Workflow & Skill Versioning'
Feature: existing id=61 — 'Azure AI Foundry Hub Deployment'
PBI: existing id=62 — '[FOUNDRY-WI-0] Core skills library complete — 6 technical + 6 cross-cutting skills'
  id=62 already Done — skipping state transitions
PBI: existing id=106 — '[FOUNDRY-WI-1] SKILL_VERSION added + sourcing protocol defined for project runners'
PBI: existing id=107 — '[FOUNDRY-WI-2] Azure AI Foundry Hub eva-aicoe provisioned — SP, Key Vault, ADO service connection'

=== Import Summary: EVA Foundry Hub ===
Epic id  : 23
Features : 3
PBIs     : 3
Board    : https://dev.azure.com/marcopresta/eva-poc/_workitems

**********************
PowerShell transcript end
End time: 20260221162844
**********************
