**********************
PowerShell transcript start
Start time: 20260221103728
Username: HRDC-DRHC\marco.presta
RunAs User: HRDC-DRHC\marco.presta
Configuration Name: 
Machine: CPC-marco-KKGR0 (Microsoft Windows NT 10.0.22631.0)
Host Application: C:\Program Files\PowerShell\7-preview\pwsh.dll -noexit -command try { . "c:\Users\marco.presta\AppData\Local\Programs\Microsoft VS Code\072586267e\resources\app\out\vs\workbench\contrib\terminal\common\scripts\shellIntegration.ps1" } catch {}
Process ID: 15116
PSVersion: 7.6.0-preview.6
PSEdition: Core
GitCommitId: 7.6.0-preview.6
OS: Microsoft Windows 10.0.22631
Platform: Win32NT
PSCompatibleVersions: 1.0, 2.0, 3.0, 4.0, 5.0, 5.1, 6.0, 7.0
PSRemotingProtocolVersion: 2.4
SerializationVersion: 1.1.0.1
WSManStackVersion: 3.0
**********************
Log: C:\eva-foundry\eva-foundation\38-ado-poc\scripts\logs\20260221-1037-ado-import-39-ado-dashboard-dryrun.log

=== ADO Import: EVA ADO Dashboard ===
Project maturity : poc
GitHub repo      : eva-foundry/39-ado-dashboard
Dry run          : True

Ensuring sprints...
  Sprint: Sprint-Backlog
  [DRY-RUN] Would ensure sprint: Sprint-Backlog
  [DRY-RUN] Would find-or-create Epic: EVA ADO Dashboard
Feature: creating 'Reference Components & Type Contract'
  [DRY-RUN] Would create Feature : Reference Components & Type Contract
  -> Feature id=-1
Feature: creating 'APIM Data Route (/v1/scrum/dashboard)'
  [DRY-RUN] Would create Feature : APIM Data Route (/v1/scrum/dashboard)
  -> Feature id=-1
PBI: creating '[DASH-WI-0] eva-brain /v1/scrum/dashboard endpoint — ADO REST + Cosmos cache'
  [DRY-RUN] Would create Product Backlog Item : [DASH-WI-0] eva-brain /v1/scrum/dashboard endpoint — ADO REST + Cosmos cache
  -> PBI id=-1
PBI: creating '[DASH-WI-1] APIM route /v1/scrum/dashboard registered in marco-sandbox-apim'
  [DRY-RUN] Would create Product Backlog Item : [DASH-WI-1] APIM route /v1/scrum/dashboard registered in marco-sandbox-apim
  -> PBI id=-1
PBI: creating '[DASH-WI-2] Reference components — EVAHomePage, SprintBoardPage, ProductTile, SprintBadge'
  [DRY-RUN] Would create Product Backlog Item : [DASH-WI-2] Reference components — EVAHomePage, SprintBoardPage, ProductTile, SprintBadge
  -> PBI id=-1

=== Import Summary: EVA ADO Dashboard ===
Epic id  : -1
Features : 2
PBIs     : 3
Board    : https://dev.azure.com/marcopresta/eva-poc/_workitems

**********************
PowerShell transcript end
End time: 20260221103728
**********************
**********************
PowerShell transcript start
Start time: 20260221103734
Username: HRDC-DRHC\marco.presta
RunAs User: HRDC-DRHC\marco.presta
Configuration Name: 
Machine: CPC-marco-KKGR0 (Microsoft Windows NT 10.0.22631.0)
Host Application: C:\Program Files\PowerShell\7-preview\pwsh.dll -noexit -command try { . "c:\Users\marco.presta\AppData\Local\Programs\Microsoft VS Code\072586267e\resources\app\out\vs\workbench\contrib\terminal\common\scripts\shellIntegration.ps1" } catch {}
Process ID: 15116
PSVersion: 7.6.0-preview.6
PSEdition: Core
GitCommitId: 7.6.0-preview.6
OS: Microsoft Windows 10.0.22631
Platform: Win32NT
PSCompatibleVersions: 1.0, 2.0, 3.0, 4.0, 5.0, 5.1, 6.0, 7.0
PSRemotingProtocolVersion: 2.4
SerializationVersion: 1.1.0.1
WSManStackVersion: 3.0
**********************
Log: C:\eva-foundry\eva-foundation\38-ado-poc\scripts\logs\20260221-1037-ado-import-39-ado-dashboard-dryrun.log

=== ADO Import: EVA ADO Dashboard ===
Project maturity : poc
GitHub repo      : eva-foundry/39-ado-dashboard
Dry run          : True

Ensuring sprints...
  Sprint: Sprint-Backlog
  [DRY-RUN] Would ensure sprint: Sprint-Backlog
  [DRY-RUN] Would find-or-create Epic: EVA ADO Dashboard
Feature: creating 'Reference Components & Type Contract'
  [DRY-RUN] Would create Feature : Reference Components & Type Contract
  -> Feature id=-1
Feature: creating 'APIM Data Route (/v1/scrum/dashboard)'
  [DRY-RUN] Would create Feature : APIM Data Route (/v1/scrum/dashboard)
  -> Feature id=-1
PBI: creating '[DASH-WI-0] eva-brain /v1/scrum/dashboard endpoint — ADO REST + Cosmos cache'
  [DRY-RUN] Would create Product Backlog Item : [DASH-WI-0] eva-brain /v1/scrum/dashboard endpoint — ADO REST + Cosmos cache
  -> PBI id=-1
PBI: creating '[DASH-WI-1] APIM route /v1/scrum/dashboard registered in marco-sandbox-apim'
  [DRY-RUN] Would create Product Backlog Item : [DASH-WI-1] APIM route /v1/scrum/dashboard registered in marco-sandbox-apim
  -> PBI id=-1
PBI: creating '[DASH-WI-2] Reference components — EVAHomePage, SprintBoardPage, ProductTile, SprintBadge'
  [DRY-RUN] Would create Product Backlog Item : [DASH-WI-2] Reference components — EVAHomePage, SprintBoardPage, ProductTile, SprintBadge
  -> PBI id=-1

=== Import Summary: EVA ADO Dashboard ===
Epic id  : -1
Features : 2
PBIs     : 3
Board    : https://dev.azure.com/marcopresta/eva-poc/_workitems

**********************
PowerShell transcript end
End time: 20260221103734
**********************
