**********************
PowerShell transcript start
Start time: 20260320101915
Username: MSILAPTOP\marco
RunAs User: MSILAPTOP\marco
Configuration Name: 
Machine: MSILAPTOP (Microsoft Windows NT 10.0.26200.0)
Host Application: C:\Program Files\PowerShell\7\pwsh.dll -noexit -command try { . "c:\Users\marco\AppData\Local\Programs\Microsoft VS Code\ce099c1ed2\resources\app\out\vs\workbench\contrib\terminal\common\scripts\shellIntegration.ps1" } catch {}
Process ID: 33660
PSVersion: 7.5.4
PSEdition: Core
GitCommitId: 7.5.4
OS: Microsoft Windows 10.0.26200
Platform: Win32NT
PSCompatibleVersions: 1.0, 2.0, 3.0, 4.0, 5.0, 5.1, 6.0, 7.0
PSRemotingProtocolVersion: 2.3
SerializationVersion: 1.1.0.1
WSManStackVersion: 3.0
**********************
Log: C:\eva-foundry\38-ado-poc\scripts\logs\20260320-1019-ado-import-29-foundry-dryrun.log

=== ADO Import: EVA Foundry Hub ===
Project maturity : active
GitHub repo      : eva-foundry/29-foundry
Dry run          : True

Ensuring sprints...
  Sprint: Sprint-Backlog
  [DRY-RUN] Would ensure sprint: Sprint-Backlog
  [DRY-RUN] Would find-or-create Epic: EVA Foundry Hub
Feature: creating 'Core Technical Skills Library'
  [DRY-RUN] Would create Feature : Core Technical Skills Library
  -> Feature id=-1
Feature: creating 'DPDCA Session Workflow & Skill Versioning'
  [DRY-RUN] Would create Feature : DPDCA Session Workflow & Skill Versioning
  -> Feature id=-1
Feature: creating 'Azure AI Foundry Hub Deployment'
  [DRY-RUN] Would create Feature : Azure AI Foundry Hub Deployment
  -> Feature id=-1
Feature: creating 'Thread Planning and Execution Agents'
  [DRY-RUN] Would create Feature : Thread Planning and Execution Agents
  -> Feature id=-1
PBI: creating '[FOUNDRY-WI-0] Core skills library complete — 6 technical + 6 cross-cutting skills'
  [DRY-RUN] Would create Product Backlog Item : [FOUNDRY-WI-0] Core skills library complete — 6 technical + 6 cross-cutting skills
  -> PBI id=-1
PBI: creating '[FOUNDRY-WI-1] SKILL_VERSION added + sourcing protocol defined for project runners'
  [DRY-RUN] Would create Product Backlog Item : [FOUNDRY-WI-1] SKILL_VERSION added + sourcing protocol defined for project runners
  -> PBI id=-1
PBI: creating '[FOUNDRY-WI-2] Azure AI Foundry Hub eva-aicoe provisioned — SP, Key Vault, ADO service connection'
  [DRY-RUN] Would create Product Backlog Item : [FOUNDRY-WI-2] Azure AI Foundry Hub eva-aicoe provisioned — SP, Key Vault, ADO service connection
  -> PBI id=-1
PBI: creating '[FOUNDRY-WI-3] Thread planner skill pack — dependency resolution, ready queue, concurrency hints'
  [DRY-RUN] Would create Product Backlog Item : [FOUNDRY-WI-3] Thread planner skill pack — dependency resolution, ready queue, concurrency hints
  -> PBI id=-1
PBI: creating '[FOUNDRY-WI-4] Thread executor and monitor agents — run, observe, and hand off lane work'
  [DRY-RUN] Would create Product Backlog Item : [FOUNDRY-WI-4] Thread executor and monitor agents — run, observe, and hand off lane work
  -> PBI id=-1
PBI: creating '[FOUNDRY-WI-5] Thread handoff and memory contract — durable state between planner, executor, and governance agents'
  [DRY-RUN] Would create Product Backlog Item : [FOUNDRY-WI-5] Thread handoff and memory contract — durable state between planner, executor, and governance agents
  -> PBI id=-1

=== Import Summary: EVA Foundry Hub ===
Epic id  : -1
Features : 4
PBIs     : 6
Board    : https://dev.azure.com/marcopresta/eva-poc/_workitems


Tag          Id State Url
---          -- ----- ---
foundry-wi-0 -1 Done  (dry-run)
foundry-wi-1 -1 New   (dry-run)
foundry-wi-2 -1 New   (dry-run)
foundry-wi-3 -1 New   (dry-run)
foundry-wi-4 -1 New   (dry-run)
foundry-wi-5 -1 New   (dry-run)

**********************
PowerShell transcript end
End time: 20260320101915
**********************
