**********************
PowerShell transcript start
Start time: 20260225085510
Username: HRDC-DRHC\marco.presta
RunAs User: HRDC-DRHC\marco.presta
Configuration Name: 
Machine: CPC-marco-KKGR0 (Microsoft Windows NT 10.0.22631.0)
Host Application: C:\Program Files\PowerShell\7-preview\pwsh.dll C:\AICOE\eva-foundation\38-ado-poc\scripts\ado-import-project.ps1 -ArtifactsFile C:\AICOE\eva-foundation\48-eva-veritas\.evidence\20260225-ado-seed\artifacts\16-engineered-case-law.json
Process ID: 22844
PSVersion: 7.6.0-preview.6
PSEdition: Core
GitCommitId: 7.6.0-preview.6
OS: Microsoft Windows 10.0.22631
Platform: Win32NT
PSCompatibleVersions: 1.0, 2.0, 3.0, 4.0, 5.0, 5.1, 6.0, 7.0
PSRemotingProtocolVersion: 2.4
SerializationVersion: 1.1.0.1
WSManStackVersion: 3.0
**********************
Log: C:\AICOE\eva-foundation\38-ado-poc\scripts\logs\20260225-0855-ado-import-artifacts-live.log

=== ADO Import: 16-engineered-case-law ===
Project maturity : poc
GitHub repo      : eva-foundry/16-engineered-case-law
Dry run          : False

Epic: creating '16-engineered-case-law'
  -> Epic id=750
Feature: creating 'Status'
  -> Feature id=751
Feature: creating '1. Context and Problem Statement'
  -> Feature id=752
Feature: creating '2. What ?Engineered Case Law? Means'
  -> Feature id=753
Feature: creating '3. Core Principles (Non-Negotiable)'
  -> Feature id=754
Feature: creating '4. High-Level Ingestion Flow'
  -> Feature id=755
Feature: creating '5. Artifact Strategy'
  -> Feature id=756
Feature: creating '6. Text Extraction Strategy (Cost-Optimal)'
  -> Feature id=757
Feature: creating '7. Bilingual Handling'
  -> Feature id=758
Feature: creating '8. Engineered Case Law Generation (ECL v2.1)'
  -> Feature id=759
Feature: creating '9. EVA DA Ingestion and Testing'
  -> Feature id=760
Feature: creating '10. Measuring ?Does This Work??'
  -> Feature id=761
Feature: creating '11. Known Risks (Acknowledged)'
  -> Feature id=762
Feature: creating '12. What This Enables'
  -> Feature id=763
Feature: creating '13. Completed Achievements & Next Steps'
  -> Feature id=764
PBI: creating '[F16-04-001] 3.1 The corpus is process-managed, not snapshot-managed'
  -> PBI id=765
PBI: creating '[F16-04-002] 3.2 CanLII is the authoritative discovery layer'
  -> PBI id=766
PBI: creating '[F16-04-003] 3.3 Case is the canonical unit'
  -> PBI id=767
PBI: creating '[F16-04-004] 3.4 Cost must scale with *change*, not corpus size'
  -> PBI id=768
PBI: creating '[F16-06-001] 5.1 PoC Approach: SQLite as Convenience Source'
  -> PBI id=769
PBI: creating '[F16-06-002] 5.2 PDFs (Referenced, Not Re-Extracted)'
  -> PBI id=770
PBI: creating '[F16-06-003] 5.3 HTML Pages (Metadata Source)'
  -> PBI id=771
PBI: creating '[F16-07-001] Default Path'
  -> PBI id=772
PBI: creating '[F16-07-002] Selective OCR'
  -> PBI id=773
PBI: creating '[F16-09-001] 8.1 Canonical Case Text'
  -> PBI id=774
PBI: creating '[F16-09-002] 8.2 Micro-Header Chunking System (EPIC 6 - 80% Complete)'
  -> PBI id=775
PBI: creating '[F16-09-003] 8.3 ECL v2.1 Document Structure'
  -> PBI id=776
PBI: creating '[F16-11-001] 10.1 Retrieval Quality'
  -> PBI id=777
PBI: creating '[F16-11-002] 10.2 Citation Correctness'
  -> PBI id=778
PBI: creating '[F16-11-003] 10.3 Freshness and Coverage'
  -> PBI id=779
PBI: creating '[F16-14-001] ? Completed (February 1, 2026)'
  -> PBI id=780
PBI: creating '[F16-14-002] ? Next Steps (PoC Phase Priority)'
  -> PBI id=781

=== Import Summary: 16-engineered-case-law ===
Epic id  : 750
Features : 14
PBIs     : 17
Board    : https://dev.azure.com/marcopresta/eva-poc/_workitems


Tag         Id State Url
---         -- ----- ---
F16-04-001 765 New   https://dev.azure.com/marcopresta/eva-poc/_workitems/edit…
F16-04-002 766 New   https://dev.azure.com/marcopresta/eva-poc/_workitems/edit…
F16-04-003 767 New   https://dev.azure.com/marcopresta/eva-poc/_workitems/edit…
F16-04-004 768 New   https://dev.azure.com/marcopresta/eva-poc/_workitems/edit…
F16-06-001 769 New   https://dev.azure.com/marcopresta/eva-poc/_workitems/edit…
F16-06-002 770 New   https://dev.azure.com/marcopresta/eva-poc/_workitems/edit…
F16-06-003 771 New   https://dev.azure.com/marcopresta/eva-poc/_workitems/edit…
F16-07-001 772 New   https://dev.azure.com/marcopresta/eva-poc/_workitems/edit…
F16-07-002 773 New   https://dev.azure.com/marcopresta/eva-poc/_workitems/edit…
F16-09-001 774 New   https://dev.azure.com/marcopresta/eva-poc/_workitems/edit…
F16-09-002 775 New   https://dev.azure.com/marcopresta/eva-poc/_workitems/edit…
F16-09-003 776 New   https://dev.azure.com/marcopresta/eva-poc/_workitems/edit…
F16-11-001 777 New   https://dev.azure.com/marcopresta/eva-poc/_workitems/edit…
F16-11-002 778 New   https://dev.azure.com/marcopresta/eva-poc/_workitems/edit…
F16-11-003 779 New   https://dev.azure.com/marcopresta/eva-poc/_workitems/edit…
F16-14-001 780 New   https://dev.azure.com/marcopresta/eva-poc/_workitems/edit…
F16-14-002 781 New   https://dev.azure.com/marcopresta/eva-poc/_workitems/edit…

**********************
PowerShell transcript end
End time: 20260225085519
**********************
**********************
PowerShell transcript start
Start time: 20260225085523
Username: HRDC-DRHC\marco.presta
RunAs User: HRDC-DRHC\marco.presta
Configuration Name: 
Machine: CPC-marco-KKGR0 (Microsoft Windows NT 10.0.22631.0)
Host Application: C:\Program Files\PowerShell\7-preview\pwsh.dll C:\AICOE\eva-foundation\38-ado-poc\scripts\ado-import-project.ps1 -ArtifactsFile C:\AICOE\eva-foundation\48-eva-veritas\.evidence\20260225-ado-seed\artifacts\17-apim.json
Process ID: 20388
PSVersion: 7.6.0-preview.6
PSEdition: Core
GitCommitId: 7.6.0-preview.6
OS: Microsoft Windows 10.0.22631
Platform: Win32NT
PSCompatibleVersions: 1.0, 2.0, 3.0, 4.0, 5.0, 5.1, 6.0, 7.0
PSRemotingProtocolVersion: 2.4
SerializationVersion: 1.1.0.1
WSManStackVersion: 3.0
**********************
Log: C:\AICOE\eva-foundation\38-ado-poc\scripts\logs\20260225-0855-ado-import-artifacts-live.log

=== ADO Import: 17-apim ===
Project maturity : poc
GitHub repo      : eva-foundry/17-apim
Dry run          : False

Epic: creating '17-apim'
  -> Epic id=782
Feature: creating '?? PROJECT STATUS DASHBOARD'
  -> Feature id=783
Feature: existing id=376 — 'Executive Summary'
Feature: creating 'Phase 3: APIM Design & Setup (2-3 weeks, 44-60 hours)'
  -> Feature id=784
Feature: creating 'Phase 4: Backend Middleware & Header Propagation (2 weeks, 40-56 hours)'
  -> Feature id=785
Feature: creating 'Phase 5: Testing & Cutover (1 week, 40-56 hours)'
  -> Feature id=786
Feature: creating 'Master Timeline & Sequencing'
  -> Feature id=787
Feature: creating 'Critical Path & Risk Mitigation'
  -> Feature id=788
Feature: creating 'Definition of Done (Project-Level)'
  -> Feature id=789
Feature: existing id=700 — 'Acceptance Criteria'
Feature: creating 'Owner & Team Composition'
  -> Feature id=790
Feature: creating 'Success Metrics (Post-Go-Live)'
  -> Feature id=791
Feature: creating 'Next Steps (Immediate)'
  -> Feature id=792
Feature: creating 'Reference Documents'
  -> Feature id=793
PBI: creating '[F17-01-001] Phase Completion Matrix'
  -> PBI id=794
PBI: creating '[F17-01-002] Critical Findings Impact'
  -> PBI id=795
PBI: creating '[F17-01-003] Current Blockers & Risks'
  -> PBI id=796
PBI: creating '[F17-01-004] Next Milestone: Phase 3A Kickoff'
  -> PBI id=797
PBI: creating '[F17-03-001] Phase 3A: Generate OpenAPI Specification'
  -> PBI id=798
PBI: creating '[F17-03-002] Phase 3B: Design APIM Policies'
  -> PBI id=799
PBI: creating '[F17-03-003] Phase 3C: Create Deployment & Cutover Plan'
  -> PBI id=800
PBI: creating '[F17-03-004] Phase 3 Summary Table'
  -> PBI id=801
PBI: creating '[F17-04-001] Phase 4A: Governance Logging Middleware'
  -> PBI id=802
PBI: creating '[F17-04-002] Phase 4B: Authorization Enforcement Middleware'
  -> PBI id=803
PBI: creating '[F17-04-003] Phase 4C: Cosmos DB Schema Extension'
  -> PBI id=804
PBI: creating '[F17-04-004] Phase 4D: Cost Attribution Queries (KQL/SQL)'
  -> PBI id=805
PBI: creating '[F17-04-005] Phase 4 Summary Table'
  -> PBI id=806
PBI: creating '[F17-05-001] Phase 5A: Integration Testing'
  -> PBI id=807
PBI: creating '[F17-05-002] Phase 5B: Performance Testing'
  -> PBI id=808
PBI: creating '[F17-05-003] Phase 5C: User Acceptance Testing (UAT)'
  -> PBI id=809
PBI: creating '[F17-05-004] Phase 5D: Go-Live Cutover & Monitoring'
  -> PBI id=810
PBI: creating '[F17-05-005] Phase 5 Summary Table'
  -> PBI id=811

=== Import Summary: 17-apim ===
Epic id  : 782
Features : 13
PBIs     : 18
Board    : https://dev.azure.com/marcopresta/eva-poc/_workitems


Tag         Id State Url
---         -- ----- ---
F17-01-001 794 New   https://dev.azure.com/marcopresta/eva-poc/_workitems/edit…
F17-01-002 795 New   https://dev.azure.com/marcopresta/eva-poc/_workitems/edit…
F17-01-003 796 New   https://dev.azure.com/marcopresta/eva-poc/_workitems/edit…
F17-01-004 797 New   https://dev.azure.com/marcopresta/eva-poc/_workitems/edit…
F17-03-001 798 New   https://dev.azure.com/marcopresta/eva-poc/_workitems/edit…
F17-03-002 799 New   https://dev.azure.com/marcopresta/eva-poc/_workitems/edit…
F17-03-003 800 New   https://dev.azure.com/marcopresta/eva-poc/_workitems/edit…
F17-03-004 801 New   https://dev.azure.com/marcopresta/eva-poc/_workitems/edit…
F17-04-001 802 New   https://dev.azure.com/marcopresta/eva-poc/_workitems/edit…
F17-04-002 803 New   https://dev.azure.com/marcopresta/eva-poc/_workitems/edit…
F17-04-003 804 New   https://dev.azure.com/marcopresta/eva-poc/_workitems/edit…
F17-04-004 805 New   https://dev.azure.com/marcopresta/eva-poc/_workitems/edit…
F17-04-005 806 New   https://dev.azure.com/marcopresta/eva-poc/_workitems/edit…
F17-05-001 807 New   https://dev.azure.com/marcopresta/eva-poc/_workitems/edit…
F17-05-002 808 New   https://dev.azure.com/marcopresta/eva-poc/_workitems/edit…
F17-05-003 809 New   https://dev.azure.com/marcopresta/eva-poc/_workitems/edit…
F17-05-004 810 New   https://dev.azure.com/marcopresta/eva-poc/_workitems/edit…
F17-05-005 811 New   https://dev.azure.com/marcopresta/eva-poc/_workitems/edit…

**********************
PowerShell transcript end
End time: 20260225085531
**********************
**********************
PowerShell transcript start
Start time: 20260225085535
Username: HRDC-DRHC\marco.presta
RunAs User: HRDC-DRHC\marco.presta
Configuration Name: 
Machine: CPC-marco-KKGR0 (Microsoft Windows NT 10.0.22631.0)
Host Application: C:\Program Files\PowerShell\7-preview\pwsh.dll C:\AICOE\eva-foundation\38-ado-poc\scripts\ado-import-project.ps1 -ArtifactsFile C:\AICOE\eva-foundation\48-eva-veritas\.evidence\20260225-ado-seed\artifacts\18-azure-best.json
Process ID: 19820
PSVersion: 7.6.0-preview.6
PSEdition: Core
GitCommitId: 7.6.0-preview.6
OS: Microsoft Windows 10.0.22631
Platform: Win32NT
PSCompatibleVersions: 1.0, 2.0, 3.0, 4.0, 5.0, 5.1, 6.0, 7.0
PSRemotingProtocolVersion: 2.4
SerializationVersion: 1.1.0.1
WSManStackVersion: 3.0
**********************
Log: C:\AICOE\eva-foundation\38-ado-poc\scripts\logs\20260225-0855-ado-import-artifacts-live.log

=== ADO Import: 18-azure-best ===
Project maturity : active
GitHub repo      : eva-foundry/18-azure-best
Dry run          : False

Epic: creating '18-azure-best'
  -> Epic id=812
Feature: creating 'Monitoring and Observability'
  -> Feature id=813
Feature: creating 'Cost Management'
  -> Feature id=814
Feature: creating 'Well-Architected Review'
  -> Feature id=815
Feature: creating 'Terraform Modules'
  -> Feature id=816
Feature: creating 'Durable Functions Patterns'
  -> Feature id=817
Feature: creating 'Container Apps'
  -> Feature id=818
Feature: creating 'APIM DevOps'
  -> Feature id=819
Feature: creating 'Enhanced RAG'
  -> Feature id=820
Feature: creating 'Pipelines'
  -> Feature id=821
Feature: creating 'Project Templates'
  -> Feature id=822
Feature: creating 'Red Teaming'
  -> Feature id=823
PBI: creating '[F18-01-001] Azure Monitor alert rules and dashboards'
  -> PBI id=824
PBI: creating '[F18-01-002] Log Analytics workspace configuration'
  -> PBI id=825
PBI: creating '[F18-02-001] FinOps tagging strategy and policy'
  -> PBI id=826
PBI: creating '[F18-02-002] Budget alerts and spending anomaly detection'
  -> PBI id=827
PBI: creating '[F18-03-001] Reliability pillar assessment'
  -> PBI id=828
PBI: creating '[F18-03-002] Security pillar assessment'
  -> PBI id=829
PBI: creating '[F18-04-001] Landing zone Terraform modules'
  -> PBI id=830
PBI: creating '[F18-04-002] Reusable network and identity modules'
  -> PBI id=831
PBI: creating '[F18-05-001] Long-running workflow patterns'
  -> PBI id=832
PBI: creating '[F18-05-002] Fan-out fan-in orchestration example'
  -> PBI id=833
PBI: creating '[F18-06-001] Container Apps environment setup'
  -> PBI id=834
PBI: creating '[F18-06-002] DAPR sidecar integration pattern'
  -> PBI id=835
PBI: creating '[F18-07-001] API Management CI/CD pipeline'
  -> PBI id=836
PBI: creating '[F18-07-002] Policy fragments and named values'
  -> PBI id=837
PBI: creating '[F18-08-001] Hybrid search with semantic ranker'
  -> PBI id=838
PBI: creating '[F18-08-002] Document chunking strategy'
  -> PBI id=839
PBI: creating '[F18-09-001] Azure DevOps YAML pipeline templates'
  -> PBI id=840
PBI: creating '[F18-09-002] GitHub Actions integration'
  -> PBI id=841
PBI: creating '[F18-10-001] Scaffold new project from template'
  -> PBI id=842
PBI: creating '[F18-10-002] Template governance and versioning'
  -> PBI id=843
PBI: creating '[F18-11-001] Promptfoo adversarial test harness'
  -> PBI id=844
PBI: creating '[F18-11-002] Risk scoring and remediation guidance'
  -> PBI id=845

=== Import Summary: 18-azure-best ===
Epic id  : 812
Features : 11
PBIs     : 22
Board    : https://dev.azure.com/marcopresta/eva-poc/_workitems


Tag         Id State Url
---         -- ----- ---
F18-01-001 824 New   https://dev.azure.com/marcopresta/eva-poc/_workitems/edit…
F18-01-002 825 New   https://dev.azure.com/marcopresta/eva-poc/_workitems/edit…
F18-02-001 826 New   https://dev.azure.com/marcopresta/eva-poc/_workitems/edit…
F18-02-002 827 New   https://dev.azure.com/marcopresta/eva-poc/_workitems/edit…
F18-03-001 828 New   https://dev.azure.com/marcopresta/eva-poc/_workitems/edit…
F18-03-002 829 New   https://dev.azure.com/marcopresta/eva-poc/_workitems/edit…
F18-04-001 830 New   https://dev.azure.com/marcopresta/eva-poc/_workitems/edit…
F18-04-002 831 New   https://dev.azure.com/marcopresta/eva-poc/_workitems/edit…
F18-05-001 832 New   https://dev.azure.com/marcopresta/eva-poc/_workitems/edit…
F18-05-002 833 New   https://dev.azure.com/marcopresta/eva-poc/_workitems/edit…
F18-06-001 834 New   https://dev.azure.com/marcopresta/eva-poc/_workitems/edit…
F18-06-002 835 New   https://dev.azure.com/marcopresta/eva-poc/_workitems/edit…
F18-07-001 836 New   https://dev.azure.com/marcopresta/eva-poc/_workitems/edit…
F18-07-002 837 New   https://dev.azure.com/marcopresta/eva-poc/_workitems/edit…
F18-08-001 838 New   https://dev.azure.com/marcopresta/eva-poc/_workitems/edit…
F18-08-002 839 New   https://dev.azure.com/marcopresta/eva-poc/_workitems/edit…
F18-09-001 840 New   https://dev.azure.com/marcopresta/eva-poc/_workitems/edit…
F18-09-002 841 New   https://dev.azure.com/marcopresta/eva-poc/_workitems/edit…
F18-10-001 842 New   https://dev.azure.com/marcopresta/eva-poc/_workitems/edit…
F18-10-002 843 New   https://dev.azure.com/marcopresta/eva-poc/_workitems/edit…
F18-11-001 844 New   https://dev.azure.com/marcopresta/eva-poc/_workitems/edit…
F18-11-002 845 New   https://dev.azure.com/marcopresta/eva-poc/_workitems/edit…

**********************
PowerShell transcript end
End time: 20260225085545
**********************
**********************
PowerShell transcript start
Start time: 20260225085548
Username: HRDC-DRHC\marco.presta
RunAs User: HRDC-DRHC\marco.presta
Configuration Name: 
Machine: CPC-marco-KKGR0 (Microsoft Windows NT 10.0.22631.0)
Host Application: C:\Program Files\PowerShell\7-preview\pwsh.dll C:\AICOE\eva-foundation\38-ado-poc\scripts\ado-import-project.ps1 -ArtifactsFile C:\AICOE\eva-foundation\48-eva-veritas\.evidence\20260225-ado-seed\artifacts\19-ai-gov.json
Process ID: 19672
PSVersion: 7.6.0-preview.6
PSEdition: Core
GitCommitId: 7.6.0-preview.6
OS: Microsoft Windows 10.0.22631
Platform: Win32NT
PSCompatibleVersions: 1.0, 2.0, 3.0, 4.0, 5.0, 5.1, 6.0, 7.0
PSRemotingProtocolVersion: 2.4
SerializationVersion: 1.1.0.1
WSManStackVersion: 3.0
**********************
Log: C:\AICOE\eva-foundation\38-ado-poc\scripts\logs\20260225-0855-ado-import-artifacts-live.log

=== ADO Import: 19-ai-gov ===
Project maturity : active
GitHub repo      : eva-foundry/19-ai-gov
Dry run          : False

Epic: creating '19-ai-gov'
  -> Epic id=846
Feature: creating 'Design Phases'
  -> Feature id=847
Feature: creating 'Design Completion Summary'
  -> Feature id=848
PBI: creating '[F19-01-001] Phase 1 ? Foundation (Complete)'
  -> PBI id=849
PBI: creating '[F19-01-002] Phase 2 ? Actor Model (Complete)'
  -> PBI id=850
PBI: creating '[F19-01-003] Phase 3 ? Machine Trust Index (Complete)'
  -> PBI id=851
PBI: creating '[F19-01-004] Phase 4 ? Decision Engine (Complete)'
  -> PBI id=852
PBI: creating '[F19-01-005] Phase 5 ? API and Data Contracts (Complete)'
  -> PBI id=853
PBI: creating '[F19-01-006] Phase 6 ? MTI Separation and Integration Spec (Feb 23, 2026)'
  -> PBI id=854
PBI: creating '[F19-01-007] Phase 7 ? EVA State Paper (Feb 24, 2026)'
  -> PBI id=855

=== Import Summary: 19-ai-gov ===
Epic id  : 846
Features : 2
PBIs     : 7
Board    : https://dev.azure.com/marcopresta/eva-poc/_workitems


Tag         Id State Url
---         -- ----- ---
F19-01-001 849 New   https://dev.azure.com/marcopresta/eva-poc/_workitems/edit…
F19-01-002 850 New   https://dev.azure.com/marcopresta/eva-poc/_workitems/edit…
F19-01-003 851 New   https://dev.azure.com/marcopresta/eva-poc/_workitems/edit…
F19-01-004 852 New   https://dev.azure.com/marcopresta/eva-poc/_workitems/edit…
F19-01-005 853 New   https://dev.azure.com/marcopresta/eva-poc/_workitems/edit…
F19-01-006 854 New   https://dev.azure.com/marcopresta/eva-poc/_workitems/edit…
F19-01-007 855 New   https://dev.azure.com/marcopresta/eva-poc/_workitems/edit…

**********************
PowerShell transcript end
End time: 20260225085551
**********************
**********************
PowerShell transcript start
Start time: 20260225085557
Username: HRDC-DRHC\marco.presta
RunAs User: HRDC-DRHC\marco.presta
Configuration Name: 
Machine: CPC-marco-KKGR0 (Microsoft Windows NT 10.0.22631.0)
Host Application: C:\Program Files\PowerShell\7-preview\pwsh.dll C:\AICOE\eva-foundation\38-ado-poc\scripts\ado-import-project.ps1 -ArtifactsFile C:\AICOE\eva-foundation\48-eva-veritas\.evidence\20260225-ado-seed\artifacts\20-AssistMe.json
Process ID: 21696
PSVersion: 7.6.0-preview.6
PSEdition: Core
GitCommitId: 7.6.0-preview.6
OS: Microsoft Windows 10.0.22631
Platform: Win32NT
PSCompatibleVersions: 1.0, 2.0, 3.0, 4.0, 5.0, 5.1, 6.0, 7.0
PSRemotingProtocolVersion: 2.4
SerializationVersion: 1.1.0.1
WSManStackVersion: 3.0
**********************
Log: C:\AICOE\eva-foundation\38-ado-poc\scripts\logs\20260225-0855-ado-import-artifacts-live.log

=== ADO Import: 20-AssistMe ===
Project maturity : poc
GitHub repo      : eva-foundry/20-AssistMe
Dry run          : False

Epic: creating '20-AssistMe'
  -> Epic id=856
Feature: existing id=207 — 'Overview'
Feature: creating '?? Structure'
  -> Feature id=857
Feature: creating '?? Quick Start'
  -> Feature id=858
Feature: creating '?? Documentation'
  -> Feature id=859
Feature: creating '?? Evidence Sources'
  -> Feature id=860
Feature: creating '? What This System Proves'
  -> Feature id=861
Feature: creating '??? Troubleshooting'
  -> Feature id=862
Feature: creating '?? Workflow: From Evidence to Conclusion'
  -> Feature id=863
Feature: creating '?? Next Steps'
  -> Feature id=864
Feature: creating '?? Additional Resources'
  -> Feature id=865
Feature: creating '?? Contributing'
  -> Feature id=866
Feature: creating '?? Maintenance'
  -> Feature id=867
PBI: creating '[F20-03-001] 1. Install Dependencies'
  -> PBI id=868
PBI: creating '[F20-03-002] 2. Run Evidence Collection'
  -> PBI id=869
PBI: creating '[F20-03-003] 3. Review Evidence'
  -> PBI id=870
PBI: creating '[F20-03-004] 4. Update Main Report'
  -> PBI id=871
PBI: creating '[F20-04-001] Main Documents'
  -> PBI id=872
PBI: creating '[F20-04-002] Script Documentation'
  -> PBI id=873
PBI: creating '[F20-05-001] Azure Resources'
  -> PBI id=874
PBI: creating '[F20-05-002] Code Analysis'
  -> PBI id=875
PBI: creating '[F20-06-001] 1. How AssistMe XML Was Ingested (November 2025)'
  -> PBI id=876
PBI: creating '[F20-06-002] 2. What EVA DA Does with XML'
  -> PBI id=877
PBI: creating '[F20-06-003] 3. Why New XML Fails'
  -> PBI id=878
PBI: creating '[F20-07-001] No Results from Scripts'
  -> PBI id=879
PBI: creating '[F20-07-002] Authentication Errors'
  -> PBI id=880
PBI: creating '[F20-07-003] Missing Environment Variables'
  -> PBI id=881
PBI: creating '[F20-09-001] For Your Investigation'
  -> PBI id=882

=== Import Summary: 20-AssistMe ===
Epic id  : 856
Features : 12
PBIs     : 15
Board    : https://dev.azure.com/marcopresta/eva-poc/_workitems


Tag         Id State Url
---         -- ----- ---
F20-03-001 868 New   https://dev.azure.com/marcopresta/eva-poc/_workitems/edit…
F20-03-002 869 New   https://dev.azure.com/marcopresta/eva-poc/_workitems/edit…
F20-03-003 870 New   https://dev.azure.com/marcopresta/eva-poc/_workitems/edit…
F20-03-004 871 New   https://dev.azure.com/marcopresta/eva-poc/_workitems/edit…
F20-04-001 872 New   https://dev.azure.com/marcopresta/eva-poc/_workitems/edit…
F20-04-002 873 New   https://dev.azure.com/marcopresta/eva-poc/_workitems/edit…
F20-05-001 874 New   https://dev.azure.com/marcopresta/eva-poc/_workitems/edit…
F20-05-002 875 New   https://dev.azure.com/marcopresta/eva-poc/_workitems/edit…
F20-06-001 876 New   https://dev.azure.com/marcopresta/eva-poc/_workitems/edit…
F20-06-002 877 New   https://dev.azure.com/marcopresta/eva-poc/_workitems/edit…
F20-06-003 878 New   https://dev.azure.com/marcopresta/eva-poc/_workitems/edit…
F20-07-001 879 New   https://dev.azure.com/marcopresta/eva-poc/_workitems/edit…
F20-07-002 880 New   https://dev.azure.com/marcopresta/eva-poc/_workitems/edit…
F20-07-003 881 New   https://dev.azure.com/marcopresta/eva-poc/_workitems/edit…
F20-09-001 882 New   https://dev.azure.com/marcopresta/eva-poc/_workitems/edit…

**********************
PowerShell transcript end
End time: 20260225085606
**********************
