**********************
PowerShell transcript start
Start time: 20260221104240
Username: HRDC-DRHC\marco.presta
RunAs User: HRDC-DRHC\marco.presta
Configuration Name: 
Machine: CPC-marco-KKGR0 (Microsoft Windows NT 10.0.22631.0)
Host Application: C:\Program Files\PowerShell\7-preview\pwsh.dll -noexit -command try { . "c:\Users\marco.presta\AppData\Local\Programs\Microsoft VS Code\072586267e\resources\app\out\vs\workbench\contrib\terminal\common\scripts\shellIntegration.ps1" } catch {}
Process ID: 15116
PSVersion: 7.6.0-preview.6
PSEdition: Core
GitCommitId: 7.6.0-preview.6
OS: Microsoft Windows 10.0.22631
Platform: Win32NT
PSCompatibleVersions: 1.0, 2.0, 3.0, 4.0, 5.0, 5.1, 6.0, 7.0
PSRemotingProtocolVersion: 2.4
SerializationVersion: 1.1.0.1
WSManStackVersion: 3.0
**********************
PS>ParameterBinding(Out-File): name="InputObject"; value="Log: C:\AICOE\eva-foundation\38-ado-poc\scripts\logs\20260221-1042-ado-import-15-cdc-live.log"
Log: C:\AICOE\eva-foundation\38-ado-poc\scripts\logs\20260221-1042-ado-import-15-cdc-live.log
PS>ParameterBinding(Out-File): name="InputObject"; value=""

PS>ParameterBinding(Out-File): name="InputObject"; value="=== ADO Import: CDC Integration (placeholder) ==="
=== ADO Import: CDC Integration (placeholder) ===
PS>ParameterBinding(Out-File): name="InputObject"; value="Project maturity : empty"
Project maturity : empty
PS>ParameterBinding(Out-File): name="InputObject"; value="GitHub repo      : eva-foundry/15-cdc"
GitHub repo      : eva-foundry/15-cdc
PS>ParameterBinding(Out-File): name="InputObject"; value="Dry run          : False"
Dry run          : False
PS>ParameterBinding(Out-File): name="InputObject"; value=""

PS>ParameterBinding(Out-File): name="InputObject"; value="Ensuring sprints..."
Ensuring sprints...
PS>ParameterBinding(Out-File): name="InputObject"; value="  Sprint: Sprint-Backlog"
  Sprint: Sprint-Backlog
PS>TerminatingError(Invoke-RestMethod): "
{
  "$id": "1",
  "innerException": null,
  "message": "VS402371: Classification node name Sprint-Backlog is already in use by a different child of parent classification node 0c02019e-b01b-4461-8d1f-b07bc9d478f4. Choose a different name and try again.",
  "typeName": "Microsoft.TeamFoundation.WorkItemTracking.Server.Metadata.ClassificationNodeDuplicateNameException, Microsoft.TeamFoundation.WorkItemTracking.Server",
  "typeKey": "ClassificationNodeDuplicateNameException",
  "errorCode": 0,
  "eventId": 3200
}"
>> TerminatingError(): "ADO Post https://dev.azure.com/marcopresta/eva-poc/_apis/wit/classificationnodes/iterations?api-version=7.1 => HTTP 409 : 
{
  "$id": "1",
  "innerException": null,
  "message": "VS402371: Classification node name Sprint-Backlog is already in use by a different child of parent classification node 0c02019e-b01b-4461-8d1f-b07bc9d478f4. Choose a different name and try again.",
  "typeName": "Microsoft.TeamFoundation.WorkItemTracking.Server.Metadata.ClassificationNodeDuplicateNameException, Microsoft.TeamFoundation.WorkItemTracking.Server",
  "typeKey": "ClassificationNodeDuplicateNameException",
  "errorCode": 0,
  "eventId": 3200
}"
PS>TerminatingError(Invoke-RestMethod): "
{
  "$id": "1",
  "innerException": null,
  "message": "Id",
  "typeName": "Microsoft.TeamFoundation.Work.WebApi.Exceptions.InvalidTeamSettingsIterationException, Microsoft.TeamFoundation.Work.WebApi",
  "typeKey": "InvalidTeamSettingsIterationException",
  "errorCode": 0,
  "eventId": 0
}"
>> TerminatingError(): "ADO Post https://dev.azure.com/marcopresta/eva-poc/eva-poc%20Team/_apis/work/teamsettings/iterations?api-version=7.1 => HTTP 400 : 
{
  "$id": "1",
  "innerException": null,
  "message": "Id",
  "typeName": "Microsoft.TeamFoundation.Work.WebApi.Exceptions.InvalidTeamSettingsIterationException, Microsoft.TeamFoundation.Work.WebApi",
  "typeKey": "InvalidTeamSettingsIterationException",
  "errorCode": 0,
  "eventId": 0
}"
PS>ParameterBinding(Out-File): name="InputObject"; value="Epic: existing id=16 — 'CDC Integration (placeholder)'"
Epic: existing id=16 — 'CDC Integration (placeholder)'
PS>ParameterBinding(Out-File): name="InputObject"; value="Feature: creating 'CDC Scope Definition'"
Feature: creating 'CDC Scope Definition'
PS>ParameterBinding(Out-File): name="InputObject"; value="  -> Feature id=37"
  -> Feature id=37
PS>ParameterBinding(Out-File): name="InputObject"; value="PBI: creating '[CDC-WI-0] Scope & technology decision for CDC integration'"
PBI: creating '[CDC-WI-0] Scope & technology decision for CDC integration'
PS>ParameterBinding(Out-File): name="InputObject"; value="  -> PBI id=38"
  -> PBI id=38
PS>ParameterBinding(Out-File): name="InputObject"; value=""

PS>ParameterBinding(Out-File): name="InputObject"; value="=== Import Summary: CDC Integration (placeholder) ==="
=== Import Summary: CDC Integration (placeholder) ===
PS>ParameterBinding(Out-File): name="InputObject"; value="Epic id  : 16"
Epic id  : 16
PS>ParameterBinding(Out-File): name="InputObject"; value="Features : 1"
Features : 1
PS>ParameterBinding(Out-File): name="InputObject"; value="PBIs     : 1"
PBIs     : 1
PS>ParameterBinding(Out-File): name="InputObject"; value="Board    : https://dev.azure.com/marcopresta/eva-poc/_workitems"
Board    : https://dev.azure.com/marcopresta/eva-poc/_workitems
PS>ParameterBinding(Out-File): name="InputObject"; value=""

PS>ParameterBinding(Out-File): name="InputObject"; value="Microsoft.PowerShell.Commands.Internal.Format.FormatStartData"
>> ParameterBinding(Out-File): name="InputObject"; value="Microsoft.PowerShell.Commands.Internal.Format.GroupStartData"
>> ParameterBinding(Out-File): name="InputObject"; value="Microsoft.PowerShell.Commands.Internal.Format.FormatEntryData"
>> ParameterBinding(Out-File): name="InputObject"; value="Microsoft.PowerShell.Commands.Internal.Format.GroupEndData"
>> ParameterBinding(Out-File): name="InputObject"; value="Microsoft.PowerShell.Commands.Internal.Format.FormatEndData"
**********************
PowerShell transcript end
End time: 20260221104241
**********************
