**********************
PowerShell transcript start
Start time: 20260320102026
Username: MSILAPTOP\marco
RunAs User: MSILAPTOP\marco
Configuration Name: 
Machine: MSILAPTOP (Microsoft Windows NT 10.0.26200.0)
Host Application: C:\Program Files\PowerShell\7\pwsh.dll -noexit -command try { . "c:\Users\marco\AppData\Local\Programs\Microsoft VS Code\ce099c1ed2\resources\app\out\vs\workbench\contrib\terminal\common\scripts\shellIntegration.ps1" } catch {}
Process ID: 33660
PSVersion: 7.5.4
PSEdition: Core
GitCommitId: 7.5.4
OS: Microsoft Windows 10.0.26200
Platform: Win32NT
PSCompatibleVersions: 1.0, 2.0, 3.0, 4.0, 5.0, 5.1, 6.0, 7.0
PSRemotingProtocolVersion: 2.3
SerializationVersion: 1.1.0.1
WSManStackVersion: 3.0
**********************
Log: C:\eva-foundry\38-ado-poc\scripts\logs\20260320-1020-ado-import-37-data-model-live.log

=== ADO Import: EVA Data Model V1 — Thread Graph Authority ===
Project maturity : active
GitHub repo      : eva-foundry/37-data-model
Dry run          : False

Ensuring sprints...
  Sprint: Sprint-Backlog
PS>TerminatingError(Invoke-RestMethod): "
{
  "$id": "1",
  "innerException": null,
  "message": "VS402371: Classification node name Sprint-Backlog is already in use by a different child of parent classification node 0c02019e-b01b-4461-8d1f-b07bc9d478f4. Choose a different name and try again.",
  "typeName": "Microsoft.TeamFoundation.WorkItemTracking.Server.Metadata.ClassificationNodeDuplicateNameException, Microsoft.TeamFoundation.WorkItemTracking.Server",
  "typeKey": "ClassificationNodeDuplicateNameException",
  "errorCode": 0,
  "eventId": 3200
}"
>> TerminatingError(): "ADO Post https://dev.azure.com/marcopresta/eva-poc/_apis/wit/classificationnodes/iterations?api-version=7.1 => HTTP 409 : 
{
  "$id": "1",
  "innerException": null,
  "message": "VS402371: Classification node name Sprint-Backlog is already in use by a different child of parent classification node 0c02019e-b01b-4461-8d1f-b07bc9d478f4. Choose a different name and try again.",
  "typeName": "Microsoft.TeamFoundation.WorkItemTracking.Server.Metadata.ClassificationNodeDuplicateNameException, Microsoft.TeamFoundation.WorkItemTracking.Server",
  "typeKey": "ClassificationNodeDuplicateNameException",
  "errorCode": 0,
  "eventId": 3200
}"
  Sprint 'Sprint-Backlog' assigned to team.
Epic: creating 'EVA Data Model V1 — Thread Graph Authority'
  -> Epic id=3197
Feature: creating 'Thread Graph Catalog'
  -> Feature id=3198
Feature: creating 'Nested D3PDCA PM Model'
  -> Feature id=3199
PBI: creating '[DM-THREAD-WI-1] Thread graph catalog — templates, edges, concurrency lanes, activation rules'
  -> PBI id=3200
PBI: creating '[DM-THREAD-WI-2] WBS and project_work support nested D3PDCA thread packets'
  -> PBI id=3201
PBI: creating '[DM-THREAD-WI-3] Thread graph read models for 33, 38, 39, and 40'
  -> PBI id=3202

=== Import Summary: EVA Data Model V1 — Thread Graph Authority ===
Epic id  : 3197
Features : 2
PBIs     : 3
Board    : https://dev.azure.com/marcopresta/eva-poc/_workitems


Tag              Id State Url
---              -- ----- ---
dm-thread-wi-1 3200 New   https://dev.azure.com/marcopresta/eva-poc/_workitems…
dm-thread-wi-2 3201 New   https://dev.azure.com/marcopresta/eva-poc/_workitems…
dm-thread-wi-3 3202 New   https://dev.azure.com/marcopresta/eva-poc/_workitems…

**********************
PowerShell transcript end
End time: 20260320102033
**********************
