**********************
PowerShell transcript start
Start time: 20260221103726
Username: HRDC-DRHC\marco.presta
RunAs User: HRDC-DRHC\marco.presta
Configuration Name: 
Machine: CPC-marco-KKGR0 (Microsoft Windows NT 10.0.22631.0)
Host Application: C:\Program Files\PowerShell\7-preview\pwsh.dll -noexit -command try { . "c:\Users\marco.presta\AppData\Local\Programs\Microsoft VS Code\072586267e\resources\app\out\vs\workbench\contrib\terminal\common\scripts\shellIntegration.ps1" } catch {}
Process ID: 15116
PSVersion: 7.6.0-preview.6
PSEdition: Core
GitCommitId: 7.6.0-preview.6
OS: Microsoft Windows 10.0.22631
Platform: Win32NT
PSCompatibleVersions: 1.0, 2.0, 3.0, 4.0, 5.0, 5.1, 6.0, 7.0
PSRemotingProtocolVersion: 2.4
SerializationVersion: 1.1.0.1
WSManStackVersion: 3.0
**********************
Log: C:\eva-foundry\eva-foundation\38-ado-poc\scripts\logs\20260221-1037-ado-import-19-ai-gov-dryrun.log

=== ADO Import: AI Governance Automation ===
Project maturity : poc
GitHub repo      : eva-foundry/19-ai-gov
Dry run          : True

Ensuring sprints...
  Sprint: Sprint-Backlog
  [DRY-RUN] Would ensure sprint: Sprint-Backlog
  [DRY-RUN] Would find-or-create Epic: AI Governance Automation
Feature: creating 'Governance Automation Schemas'
  [DRY-RUN] Would create Feature : Governance Automation Schemas
  -> Feature id=-1
Feature: creating 'Policy-as-Code CI Gate'
  [DRY-RUN] Would create Feature : Policy-as-Code CI Gate
  -> Feature id=-1
PBI: creating '[GOV-WI-0] Governance schemas authored — AI incident, ATO evidence, ITSG-33 controls, model card'
  [DRY-RUN] Would create Product Backlog Item : [GOV-WI-0] Governance schemas authored — AI incident, ATO evidence, ITSG-33 controls, model card
  -> PBI id=-1
PBI: creating '[GOV-WI-1] Policy-as-code CI gate — red-teaming evidence fed into ATO schema'
  [DRY-RUN] Would create Product Backlog Item : [GOV-WI-1] Policy-as-code CI gate — red-teaming evidence fed into ATO schema
  -> PBI id=-1

=== Import Summary: AI Governance Automation ===
Epic id  : -1
Features : 2
PBIs     : 2
Board    : https://dev.azure.com/marcopresta/eva-poc/_workitems

**********************
PowerShell transcript end
End time: 20260221103726
**********************
**********************
PowerShell transcript start
Start time: 20260221103732
Username: HRDC-DRHC\marco.presta
RunAs User: HRDC-DRHC\marco.presta
Configuration Name: 
Machine: CPC-marco-KKGR0 (Microsoft Windows NT 10.0.22631.0)
Host Application: C:\Program Files\PowerShell\7-preview\pwsh.dll -noexit -command try { . "c:\Users\marco.presta\AppData\Local\Programs\Microsoft VS Code\072586267e\resources\app\out\vs\workbench\contrib\terminal\common\scripts\shellIntegration.ps1" } catch {}
Process ID: 15116
PSVersion: 7.6.0-preview.6
PSEdition: Core
GitCommitId: 7.6.0-preview.6
OS: Microsoft Windows 10.0.22631
Platform: Win32NT
PSCompatibleVersions: 1.0, 2.0, 3.0, 4.0, 5.0, 5.1, 6.0, 7.0
PSRemotingProtocolVersion: 2.4
SerializationVersion: 1.1.0.1
WSManStackVersion: 3.0
**********************
Log: C:\eva-foundry\eva-foundation\38-ado-poc\scripts\logs\20260221-1037-ado-import-19-ai-gov-dryrun.log

=== ADO Import: AI Governance Automation ===
Project maturity : poc
GitHub repo      : eva-foundry/19-ai-gov
Dry run          : True

Ensuring sprints...
  Sprint: Sprint-Backlog
  [DRY-RUN] Would ensure sprint: Sprint-Backlog
  [DRY-RUN] Would find-or-create Epic: AI Governance Automation
Feature: creating 'Governance Automation Schemas'
  [DRY-RUN] Would create Feature : Governance Automation Schemas
  -> Feature id=-1
Feature: creating 'Policy-as-Code CI Gate'
  [DRY-RUN] Would create Feature : Policy-as-Code CI Gate
  -> Feature id=-1
PBI: creating '[GOV-WI-0] Governance schemas authored — AI incident, ATO evidence, ITSG-33 controls, model card'
  [DRY-RUN] Would create Product Backlog Item : [GOV-WI-0] Governance schemas authored — AI incident, ATO evidence, ITSG-33 controls, model card
  -> PBI id=-1
PBI: creating '[GOV-WI-1] Policy-as-code CI gate — red-teaming evidence fed into ATO schema'
  [DRY-RUN] Would create Product Backlog Item : [GOV-WI-1] Policy-as-code CI gate — red-teaming evidence fed into ATO schema
  -> PBI id=-1

=== Import Summary: AI Governance Automation ===
Epic id  : -1
Features : 2
PBIs     : 2
Board    : https://dev.azure.com/marcopresta/eva-poc/_workitems

**********************
PowerShell transcript end
End time: 20260221103732
**********************
