**********************
PowerShell transcript start
Start time: 20260320101916
Username: MSILAPTOP\marco
RunAs User: MSILAPTOP\marco
Configuration Name: 
Machine: MSILAPTOP (Microsoft Windows NT 10.0.26200.0)
Host Application: C:\Program Files\PowerShell\7\pwsh.dll -noexit -command try { . "c:\Users\marco\AppData\Local\Programs\Microsoft VS Code\ce099c1ed2\resources\app\out\vs\workbench\contrib\terminal\common\scripts\shellIntegration.ps1" } catch {}
Process ID: 33660
PSVersion: 7.5.4
PSEdition: Core
GitCommitId: 7.5.4
OS: Microsoft Windows 10.0.26200
Platform: Win32NT
PSCompatibleVersions: 1.0, 2.0, 3.0, 4.0, 5.0, 5.1, 6.0, 7.0
PSRemotingProtocolVersion: 2.3
SerializationVersion: 1.1.0.1
WSManStackVersion: 3.0
**********************
Log: C:\eva-foundry\38-ado-poc\scripts\logs\20260320-1019-ado-import-41-eva-cli-dryrun.log

=== ADO Import: EVA ADO Command Center CLI ===
Project maturity : active
GitHub repo      : eva-foundry/41-eva-cli
Dry run          : True

Epic: pinned to existing id=153 (skip_if_id_exists)
Feature: creating 'CLI Core — Config, Context, Models'
  [DRY-RUN] Would create Feature : CLI Core — Config, Context, Models
  -> Feature id=-1
Feature: creating 'Adapters — ADO, GitHub, Azure'
  [DRY-RUN] Would create Feature : Adapters — ADO, GitHub, Azure
  -> Feature id=-1
Feature: creating 'Command Groups — ado, gh, runbook, evidence, promote'
  [DRY-RUN] Would create Feature : Command Groups — ado, gh, runbook, evidence, promote
  -> Feature id=-1
Feature: creating 'Tests — CLI + Adapter Mocks'
  [DRY-RUN] Would create Feature : Tests — CLI + Adapter Mocks
  -> Feature id=-1
Feature: creating 'Thread Operations Commands'
  [DRY-RUN] Would create Feature : Thread Operations Commands
  -> Feature id=-1
PBI: creating '[CLI-WI-1] eva init + dotenv loading + .env.example'
  [DRY-RUN] Would create Product Backlog Item : [CLI-WI-1] eva init + dotenv loading + .env.example
  -> PBI id=-1
PBI: creating '[CLI-WI-2] ADO adapter — create, update, link, WIQL idempotency'
  [DRY-RUN] Would create Product Backlog Item : [CLI-WI-2] ADO adapter — create, update, link, WIQL idempotency
  -> PBI id=-1
PBI: creating '[CLI-WI-3] GitHub adapter — PR, check-runs, artifacts'
  [DRY-RUN] Would create Product Backlog Item : [CLI-WI-3] GitHub adapter — PR, check-runs, artifacts
  -> PBI id=-1
PBI: creating '[CLI-WI-4] promote dev — full 10-step evidence receipt flow'
  [DRY-RUN] Would create Product Backlog Item : [CLI-WI-4] promote dev — full 10-step evidence receipt flow
  -> PBI id=-1
PBI: creating '[CLI-WI-5] runbook list/show/run + catalog API fallback'
  [DRY-RUN] Would create Product Backlog Item : [CLI-WI-5] runbook list/show/run + catalog API fallback
  -> PBI id=-1
PBI: creating '[CLI-WI-6] 33-test suite — CLI + adapter mocks (respx)'
  [DRY-RUN] Would create Product Backlog Item : [CLI-WI-6] 33-test suite — CLI + adapter mocks (respx)
  -> PBI id=-1
PBI: creating '[CLI-WI-7] eva thread list/show — inspect thread graph, lane state, and dependencies'
  [DRY-RUN] Would create Product Backlog Item : [CLI-WI-7] eva thread list/show — inspect thread graph, lane state, and dependencies
  -> PBI id=-1
PBI: creating '[CLI-WI-8] eva thread dispatch/retry — governed operator commands'
  [DRY-RUN] Would create Product Backlog Item : [CLI-WI-8] eva thread dispatch/retry — governed operator commands
  -> PBI id=-1
PBI: creating '[CLI-WI-9] eva thread summary — ready queue, blocked queue, critical path, evidence health'
  [DRY-RUN] Would create Product Backlog Item : [CLI-WI-9] eva thread summary — ready queue, blocked queue, critical path, evidence health
  -> PBI id=-1

=== Import Summary: EVA ADO Command Center CLI ===
Epic id  : 153
Features : 5
PBIs     : 9
Board    : https://dev.azure.com/marcopresta/eva-poc/_workitems


Tag      Id State Url
---      -- ----- ---
cli-wi-1 -1 Done  (dry-run)
cli-wi-2 -1 Done  (dry-run)
cli-wi-3 -1 Done  (dry-run)
cli-wi-4 -1 Done  (dry-run)
cli-wi-5 -1 Done  (dry-run)
cli-wi-6 -1 Done  (dry-run)
cli-wi-7 -1 New   (dry-run)
cli-wi-8 -1 New   (dry-run)
cli-wi-9 -1 New   (dry-run)

**********************
PowerShell transcript end
End time: 20260320101916
**********************
