**********************
PowerShell transcript start
Start time: 20260320103209
Username: MSILAPTOP\marco
RunAs User: MSILAPTOP\marco
Configuration Name: 
Machine: MSILAPTOP (Microsoft Windows NT 10.0.26200.0)
Host Application: C:\Program Files\PowerShell\7\pwsh.dll -noexit -command try { . "c:\Users\marco\AppData\Local\Programs\Microsoft VS Code\ce099c1ed2\resources\app\out\vs\workbench\contrib\terminal\common\scripts\shellIntegration.ps1" } catch {}
Process ID: 33660
PSVersion: 7.5.4
PSEdition: Core
GitCommitId: 7.5.4
OS: Microsoft Windows 10.0.26200
Platform: Win32NT
PSCompatibleVersions: 1.0, 2.0, 3.0, 4.0, 5.0, 5.1, 6.0, 7.0
PSRemotingProtocolVersion: 2.3
SerializationVersion: 1.1.0.1
WSManStackVersion: 3.0
**********************
Log: C:\eva-foundry\38-ado-poc\scripts\logs\20260320-1032-ado-import-40-eva-control-plane-live.log

=== ADO Import: EVA Automation Control Plane ===
Project maturity : active
GitHub repo      : eva-foundry/40-eva-control-plane
Dry run          : False

Epic: pinned to existing id=142 (skip_if_id_exists)
Feature: existing id=143 — 'Runtime API — FastAPI (port 8020)'
Feature: existing id=144 — 'Two-Plane Evidence Spine'
Feature: existing id=145 — 'GitHub Actions Runbooks (RB-001, RB-002)'
Feature: existing id=146 — 'Control-Plane Data Models and Seeds'
Feature: existing id=3221 — 'Thread Runtime and Execution Graph'
PBI: existing id=147 — 'FastAPI Runtime API — 8 routes, Swagger at /docs'
PBI: existing id=148 — 'Evidence Spine — evidence_id propagation across planes'
PBI: existing id=149 — 'RB-001 — PR CI Evidence Workflow (GitHub Actions)'
PBI: existing id=150 — 'RB-002 — Promote to DEV Workflow (stub)'
PBI: existing id=151 — 'Pydantic v2 Models — Run, StepRun, Artifact'
PBI: existing id=152 — 'pack-evidence.py — Evidence Pack Assembler'
PBI: existing id=3222 — 'Thread runtime records — thread runs, dependency state, heartbeats'
PBI: existing id=3223 — 'Blocker, retry, and handoff events — runtime lineage for thread execution'
PBI: existing id=3224 — 'Thread aggregates and execution snapshots — ready queue, blocked queue, critical path runtime'

=== Import Summary: EVA Automation Control Plane ===
Epic id  : 142
Features : 5
PBIs     : 9
Board    : https://dev.azure.com/marcopresta/eva-poc/_workitems


Tag       Id State Url
---       -- ----- ---
cp-wi-1  147 New   https://dev.azure.com/marcopresta/eva-poc/_workitems/edit/1…
cp-wi-2  148 New   https://dev.azure.com/marcopresta/eva-poc/_workitems/edit/1…
cp-wi-3  149 New   https://dev.azure.com/marcopresta/eva-poc/_workitems/edit/1…
cp-wi-4  150 New   https://dev.azure.com/marcopresta/eva-poc/_workitems/edit/1…
cp-wi-5  151 New   https://dev.azure.com/marcopresta/eva-poc/_workitems/edit/1…
cp-wi-6  152 New   https://dev.azure.com/marcopresta/eva-poc/_workitems/edit/1…
cp-wi-7 3222 New   https://dev.azure.com/marcopresta/eva-poc/_workitems/edit/3…
cp-wi-8 3223 New   https://dev.azure.com/marcopresta/eva-poc/_workitems/edit/3…
cp-wi-9 3224 New   https://dev.azure.com/marcopresta/eva-poc/_workitems/edit/3…

**********************
PowerShell transcript end
End time: 20260320103211
**********************
