**********************
PowerShell transcript start
Start time: 20260222111401
Username: HRDC-DRHC\marco.presta
RunAs User: HRDC-DRHC\marco.presta
Configuration Name: 
Machine: CPC-marco-KKGR0 (Microsoft Windows NT 10.0.22631.0)
Host Application: C:\Program Files\PowerShell\7-preview\pwsh.dll -NoProfile -ExecutionPolicy Bypass -File docs\ADO\idea\ado-import.ps1
Process ID: 22976
PSVersion: 7.6.0-preview.6
PSEdition: Core
GitCommitId: 7.6.0-preview.6
OS: Microsoft Windows 10.0.22631
Platform: Win32NT
PSCompatibleVersions: 1.0, 2.0, 3.0, 4.0, 5.0, 5.1, 6.0, 7.0
PSRemotingProtocolVersion: 2.4
SerializationVersion: 1.1.0.1
WSManStackVersion: 3.0
**********************
Log: C:\eva-foundry\eva-foundation\38-ado-poc\scripts\logs\20260222-1114-ado-import-idea-live.log

=== ADO Import: EVA Data Model — Maintenance & Extension Tooling ===
Project maturity : planned
GitHub repo      : eva-foundry/37-data-model
Dry run          : False

Ensuring sprints...
  Sprint: Sprint-8
  Sprint 'Sprint-8' assigned to team.
  Sprint: Sprint-9
  Sprint 'Sprint-9' assigned to team.
Epic: creating 'EVA Data Model — Maintenance & Extension Tooling'
  -> Epic id=164
Feature: creating 'CI Gate & Same-PR Enforcement'
  -> Feature id=165
Feature: creating 'Automated Drift Detection'
  -> Feature id=166
Feature: creating 'Coverage Gaps Surface'
  -> Feature id=167
Feature: creating 'Model-Sync Agent'
  -> Feature id=168
PBI: creating '[DM-MAINT-WI-0] coverage-gaps.ps1 — requirements with zero test coverage'
  -> PBI id=169
PBI: creating '[DM-MAINT-WI-1] GitHub Action — validate-model on every PR'
  -> PBI id=170
PBI: creating '[DM-MAINT-WI-4] sync-from-source.ps1 — add -OutputFormat json mode'
  -> PBI id=171
PBI: creating '[DM-MAINT-WI-3] Scheduled drift-detection workflow'
  -> PBI id=172
PBI: creating '[DM-MAINT-WI-2] Same-PR enforcement — source change without model update = blocking comment'
  -> PBI id=173
PBI: creating '[DM-MAINT-WI-5] Wire coverage-gaps.ps1 into drift-detection workflow'
  -> PBI id=174
PBI: creating '[DM-MAINT-WI-6] model-sync-agent scaffold'
  -> PBI id=175
PBI: creating '[DM-MAINT-WI-7] Integrate model-sync-agent into sprint-execute.yml Do phase'
  -> PBI id=176

=== Import Summary: EVA Data Model — Maintenance & Extension Tooling ===
Epic id  : 164
Features : 4
PBIs     : 8
Board    : https://dev.azure.com/marcopresta/eva-poc/_workitems


Tag            Id State Url
---            -- ----- ---
dm-maint-wi-0 169 New   https://dev.azure.com/marcopresta/eva-poc/_workitems/e…
dm-maint-wi-1 170 New   https://dev.azure.com/marcopresta/eva-poc/_workitems/e…
dm-maint-wi-4 171 New   https://dev.azure.com/marcopresta/eva-poc/_workitems/e…
dm-maint-wi-3 172 New   https://dev.azure.com/marcopresta/eva-poc/_workitems/e…
dm-maint-wi-2 173 New   https://dev.azure.com/marcopresta/eva-poc/_workitems/e…
dm-maint-wi-5 174 New   https://dev.azure.com/marcopresta/eva-poc/_workitems/e…
dm-maint-wi-6 175 New   https://dev.azure.com/marcopresta/eva-poc/_workitems/e…
dm-maint-wi-7 176 New   https://dev.azure.com/marcopresta/eva-poc/_workitems/e…

**********************
PowerShell transcript end
End time: 20260222111408
**********************
